{"/Users/gableroux/repos/saglacio/saglac.io/components/about-section.tsx": {"path":"/Users/gableroux/repos/saglacio/saglac.io/components/about-section.tsx","all":true,"statementMap":{"0":{"start":{"line":1,"column":0},"end":{"line":1,"column":67}},"1":{"start":{"line":2,"column":0},"end":{"line":2,"column":56}},"3":{"start":{"line":4,"column":0},"end":{"line":4,"column":32}},"4":{"start":{"line":5,"column":0},"end":{"line":5,"column":20}},"5":{"start":{"line":6,"column":0},"end":{"line":6,"column":5}},"6":{"start":{"line":7,"column":0},"end":{"line":7,"column":21}},"7":{"start":{"line":8,"column":0},"end":{"line":8,"column":37}},"8":{"start":{"line":9,"column":0},"end":{"line":9,"column":113}},"9":{"start":{"line":10,"column":0},"end":{"line":10,"column":6}},"10":{"start":{"line":11,"column":0},"end":{"line":11,"column":5}},"11":{"start":{"line":12,"column":0},"end":{"line":12,"column":25}},"12":{"start":{"line":13,"column":0},"end":{"line":13,"column":36}},"13":{"start":{"line":14,"column":0},"end":{"line":14,"column":117}},"14":{"start":{"line":15,"column":0},"end":{"line":15,"column":6}},"15":{"start":{"line":16,"column":0},"end":{"line":16,"column":5}},"16":{"start":{"line":17,"column":0},"end":{"line":17,"column":18}},"17":{"start":{"line":18,"column":0},"end":{"line":18,"column":28}},"18":{"start":{"line":19,"column":0},"end":{"line":19,"column":116}},"19":{"start":{"line":20,"column":0},"end":{"line":20,"column":6}},"20":{"start":{"line":21,"column":0},"end":{"line":21,"column":5}},"21":{"start":{"line":22,"column":0},"end":{"line":22,"column":18}},"22":{"start":{"line":23,"column":0},"end":{"line":23,"column":36}},"23":{"start":{"line":24,"column":0},"end":{"line":24,"column":116}},"24":{"start":{"line":25,"column":0},"end":{"line":25,"column":6}},"25":{"start":{"line":26,"column":0},"end":{"line":26,"column":3}},"27":{"start":{"line":28,"column":0},"end":{"line":28,"column":10}},"28":{"start":{"line":29,"column":0},"end":{"line":29,"column":61}},"29":{"start":{"line":30,"column":0},"end":{"line":30,"column":46}},"30":{"start":{"line":31,"column":0},"end":{"line":31,"column":61}},"31":{"start":{"line":32,"column":0},"end":{"line":32,"column":75}},"32":{"start":{"line":33,"column":0},"end":{"line":33,"column":80}},"33":{"start":{"line":34,"column":0},"end":{"line":34,"column":15}},"34":{"start":{"line":35,"column":0},"end":{"line":35,"column":80}},"38":{"start":{"line":39,"column":0},"end":{"line":39,"column":14}},"39":{"start":{"line":40,"column":0},"end":{"line":40,"column":14}},"41":{"start":{"line":42,"column":0},"end":{"line":42,"column":69}},"42":{"start":{"line":43,"column":0},"end":{"line":43,"column":45}},"43":{"start":{"line":44,"column":0},"end":{"line":44,"column":106}},"44":{"start":{"line":45,"column":0},"end":{"line":45,"column":43}},"45":{"start":{"line":46,"column":0},"end":{"line":46,"column":56}},"46":{"start":{"line":47,"column":0},"end":{"line":47,"column":64}},"47":{"start":{"line":48,"column":0},"end":{"line":48,"column":69}},"48":{"start":{"line":49,"column":0},"end":{"line":49,"column":24}},"49":{"start":{"line":50,"column":0},"end":{"line":50,"column":23}},"50":{"start":{"line":51,"column":0},"end":{"line":51,"column":83}},"51":{"start":{"line":52,"column":0},"end":{"line":52,"column":95}},"52":{"start":{"line":53,"column":0},"end":{"line":53,"column":24}},"53":{"start":{"line":54,"column":0},"end":{"line":54,"column":22}},"54":{"start":{"line":55,"column":0},"end":{"line":55,"column":28}},"55":{"start":{"line":56,"column":0},"end":{"line":56,"column":19}},"56":{"start":{"line":57,"column":0},"end":{"line":57,"column":13}},"57":{"start":{"line":58,"column":0},"end":{"line":58,"column":14}},"59":{"start":{"line":60,"column":0},"end":{"line":60,"column":49}},"60":{"start":{"line":61,"column":0},"end":{"line":61,"column":54}},"61":{"start":{"line":62,"column":0},"end":{"line":62,"column":41}},"62":{"start":{"line":63,"column":0},"end":{"line":63,"column":96}},"63":{"start":{"line":64,"column":0},"end":{"line":64,"column":76}},"67":{"start":{"line":68,"column":0},"end":{"line":68,"column":18}},"68":{"start":{"line":69,"column":0},"end":{"line":69,"column":26}},"69":{"start":{"line":70,"column":0},"end":{"line":70,"column":17}},"70":{"start":{"line":71,"column":0},"end":{"line":71,"column":14}},"71":{"start":{"line":72,"column":0},"end":{"line":72,"column":12}},"72":{"start":{"line":73,"column":0},"end":{"line":73,"column":14}},"74":{"start":{"line":75,"column":0},"end":{"line":75,"column":1}}},"s":{"0":0,"1":0,"3":0,"4":0,"5":0,"6":0,"7":0,"8":0,"9":0,"10":0,"11":0,"12":0,"13":0,"14":0,"15":0,"16":0,"17":0,"18":0,"19":0,"20":0,"21":0,"22":0,"23":0,"24":0,"25":0,"27":0,"28":0,"29":0,"30":0,"31":0,"32":0,"33":0,"34":0,"38":0,"39":0,"41":0,"42":0,"43":0,"44":0,"45":0,"46":0,"47":0,"48":0,"49":0,"50":0,"51":0,"52":0,"53":0,"54":0,"55":0,"56":0,"57":0,"59":0,"60":0,"61":0,"62":0,"63":0,"67":0,"68":0,"69":0,"70":0,"71":0,"72":0,"74":0},"branchMap":{"0":{"type":"branch","line":1,"loc":{"start":{"line":1,"column":3204},"end":{"line":75,"column":1}},"locations":[{"start":{"line":1,"column":3204},"end":{"line":75,"column":1}}]}},"b":{"0":[0]},"fnMap":{"0":{"name":"(empty-report)","decl":{"start":{"line":1,"column":3204},"end":{"line":75,"column":1}},"loc":{"start":{"line":1,"column":3204},"end":{"line":75,"column":1}},"line":1}},"f":{"0":0}}
,"/Users/gableroux/repos/saglacio/saglac.io/components/archives-list.tsx": {"path":"/Users/gableroux/repos/saglacio/saglac.io/components/archives-list.tsx","all":false,"statementMap":{"2":{"start":{"line":3,"column":0},"end":{"line":3,"column":60}},"3":{"start":{"line":4,"column":0},"end":{"line":4,"column":96}},"4":{"start":{"line":5,"column":0},"end":{"line":5,"column":76}},"5":{"start":{"line":6,"column":0},"end":{"line":6,"column":45}},"6":{"start":{"line":7,"column":0},"end":{"line":7,"column":47}},"7":{"start":{"line":8,"column":0},"end":{"line":8,"column":140}},"14":{"start":{"line":15,"column":0},"end":{"line":15,"column":25}},"17":{"start":{"line":18,"column":0},"end":{"line":18,"column":50}},"18":{"start":{"line":19,"column":0},"end":{"line":19,"column":22}},"19":{"start":{"line":20,"column":0},"end":{"line":20,"column":24}},"20":{"start":{"line":21,"column":0},"end":{"line":21,"column":3}},"21":{"start":{"line":22,"column":0},"end":{"line":22,"column":22}},"22":{"start":{"line":23,"column":0},"end":{"line":23,"column":52}},"23":{"start":{"line":24,"column":0},"end":{"line":24,"column":3}},"24":{"start":{"line":25,"column":0},"end":{"line":25,"column":23}},"25":{"start":{"line":26,"column":0},"end":{"line":26,"column":76}},"26":{"start":{"line":27,"column":0},"end":{"line":27,"column":3}},"27":{"start":{"line":28,"column":0},"end":{"line":28,"column":40}},"28":{"start":{"line":29,"column":0},"end":{"line":29,"column":1}},"31":{"start":{"line":32,"column":0},"end":{"line":32,"column":60}},"32":{"start":{"line":33,"column":0},"end":{"line":33,"column":10}},"33":{"start":{"line":34,"column":0},"end":{"line":34,"column":45}},"34":{"start":{"line":35,"column":0},"end":{"line":35,"column":26}},"35":{"start":{"line":36,"column":0},"end":{"line":36,"column":10}},"36":{"start":{"line":37,"column":0},"end":{"line":37,"column":56}},"37":{"start":{"line":38,"column":0},"end":{"line":38,"column":25}},"38":{"start":{"line":39,"column":0},"end":{"line":39,"column":35}},"39":{"start":{"line":40,"column":0},"end":{"line":40,"column":77}},"40":{"start":{"line":41,"column":0},"end":{"line":41,"column":50}},"42":{"start":{"line":43,"column":0},"end":{"line":43,"column":45}},"43":{"start":{"line":44,"column":0},"end":{"line":44,"column":12}},"45":{"start":{"line":46,"column":0},"end":{"line":46,"column":25}},"46":{"start":{"line":47,"column":0},"end":{"line":47,"column":10}},"47":{"start":{"line":48,"column":0},"end":{"line":48,"column":54}},"48":{"start":{"line":49,"column":0},"end":{"line":49,"column":25}},"49":{"start":{"line":50,"column":0},"end":{"line":50,"column":35}},"50":{"start":{"line":51,"column":0},"end":{"line":51,"column":77}},"51":{"start":{"line":52,"column":0},"end":{"line":52,"column":47}},"53":{"start":{"line":54,"column":0},"end":{"line":54,"column":44}},"54":{"start":{"line":55,"column":0},"end":{"line":55,"column":12}},"56":{"start":{"line":57,"column":0},"end":{"line":57,"column":27}},"57":{"start":{"line":58,"column":0},"end":{"line":58,"column":10}},"58":{"start":{"line":59,"column":0},"end":{"line":59,"column":61}},"59":{"start":{"line":60,"column":0},"end":{"line":60,"column":25}},"60":{"start":{"line":61,"column":0},"end":{"line":61,"column":35}},"61":{"start":{"line":62,"column":0},"end":{"line":62,"column":77}},"62":{"start":{"line":63,"column":0},"end":{"line":63,"column":47}},"64":{"start":{"line":65,"column":0},"end":{"line":65,"column":46}},"65":{"start":{"line":66,"column":0},"end":{"line":66,"column":12}},"67":{"start":{"line":68,"column":0},"end":{"line":68,"column":26}},"68":{"start":{"line":69,"column":0},"end":{"line":69,"column":10}},"69":{"start":{"line":70,"column":0},"end":{"line":70,"column":31}},"70":{"start":{"line":71,"column":0},"end":{"line":71,"column":25}},"71":{"start":{"line":72,"column":0},"end":{"line":72,"column":35}},"72":{"start":{"line":73,"column":0},"end":{"line":73,"column":77}},"73":{"start":{"line":74,"column":0},"end":{"line":74,"column":46}},"75":{"start":{"line":76,"column":0},"end":{"line":76,"column":43}},"76":{"start":{"line":77,"column":0},"end":{"line":77,"column":12}},"78":{"start":{"line":79,"column":0},"end":{"line":79,"column":10}},"80":{"start":{"line":81,"column":0},"end":{"line":81,"column":1}},"82":{"start":{"line":83,"column":0},"end":{"line":83,"column":61}},"83":{"start":{"line":84,"column":0},"end":{"line":84,"column":52}},"84":{"start":{"line":85,"column":0},"end":{"line":85,"column":51}},"85":{"start":{"line":86,"column":0},"end":{"line":86,"column":51}},"88":{"start":{"line":89,"column":0},"end":{"line":89,"column":40}},"89":{"start":{"line":90,"column":0},"end":{"line":90,"column":42}},"91":{"start":{"line":92,"column":0},"end":{"line":92,"column":43}},"92":{"start":{"line":93,"column":0},"end":{"line":93,"column":37}},"94":{"start":{"line":95,"column":0},"end":{"line":95,"column":65}},"97":{"start":{"line":98,"column":0},"end":{"line":98,"column":74}},"100":{"start":{"line":101,"column":0},"end":{"line":101,"column":24}},"101":{"start":{"line":102,"column":0},"end":{"line":102,"column":41}},"102":{"start":{"line":103,"column":0},"end":{"line":103,"column":68}},"103":{"start":{"line":104,"column":0},"end":{"line":104,"column":74}},"106":{"start":{"line":107,"column":0},"end":{"line":107,"column":29}},"107":{"start":{"line":108,"column":0},"end":{"line":108,"column":48}},"108":{"start":{"line":109,"column":0},"end":{"line":109,"column":73}},"109":{"start":{"line":110,"column":0},"end":{"line":110,"column":13}},"110":{"start":{"line":111,"column":0},"end":{"line":111,"column":11}},"111":{"start":{"line":112,"column":0},"end":{"line":112,"column":9}},"112":{"start":{"line":113,"column":0},"end":{"line":113,"column":7}},"114":{"start":{"line":115,"column":0},"end":{"line":115,"column":18}},"115":{"start":{"line":116,"column":0},"end":{"line":116,"column":6}},"116":{"start":{"line":117,"column":0},"end":{"line":117,"column":27}},"119":{"start":{"line":120,"column":0},"end":{"line":120,"column":70}},"120":{"start":{"line":121,"column":0},"end":{"line":121,"column":55}},"121":{"start":{"line":122,"column":0},"end":{"line":122,"column":46}},"122":{"start":{"line":123,"column":0},"end":{"line":123,"column":68}},"125":{"start":{"line":126,"column":0},"end":{"line":126,"column":49}},"126":{"start":{"line":127,"column":0},"end":{"line":127,"column":25}},"127":{"start":{"line":128,"column":0},"end":{"line":128,"column":21}},"128":{"start":{"line":129,"column":0},"end":{"line":129,"column":3}},"131":{"start":{"line":132,"column":0},"end":{"line":132,"column":49}},"132":{"start":{"line":133,"column":0},"end":{"line":133,"column":27}},"133":{"start":{"line":134,"column":0},"end":{"line":134,"column":80}},"134":{"start":{"line":135,"column":0},"end":{"line":135,"column":3}},"137":{"start":{"line":138,"column":0},"end":{"line":138,"column":36}},"138":{"start":{"line":139,"column":0},"end":{"line":139,"column":36}},"140":{"start":{"line":141,"column":0},"end":{"line":141,"column":12}},"141":{"start":{"line":142,"column":0},"end":{"line":142,"column":62}},"142":{"start":{"line":143,"column":0},"end":{"line":143,"column":15}},"143":{"start":{"line":144,"column":0},"end":{"line":144,"column":27}},"144":{"start":{"line":145,"column":0},"end":{"line":145,"column":19}},"145":{"start":{"line":146,"column":0},"end":{"line":146,"column":72}},"146":{"start":{"line":147,"column":0},"end":{"line":147,"column":38}},"148":{"start":{"line":149,"column":0},"end":{"line":149,"column":50}},"150":{"start":{"line":151,"column":0},"end":{"line":151,"column":17}},"152":{"start":{"line":153,"column":0},"end":{"line":153,"column":49}},"153":{"start":{"line":154,"column":0},"end":{"line":154,"column":70}},"154":{"start":{"line":155,"column":0},"end":{"line":155,"column":23}},"155":{"start":{"line":156,"column":0},"end":{"line":156,"column":34}},"156":{"start":{"line":157,"column":0},"end":{"line":157,"column":29}},"157":{"start":{"line":158,"column":0},"end":{"line":158,"column":42}},"158":{"start":{"line":159,"column":0},"end":{"line":159,"column":29}},"159":{"start":{"line":160,"column":0},"end":{"line":160,"column":55}},"160":{"start":{"line":161,"column":0},"end":{"line":161,"column":42}},"161":{"start":{"line":162,"column":0},"end":{"line":162,"column":20}},"162":{"start":{"line":163,"column":0},"end":{"line":163,"column":43}},"163":{"start":{"line":164,"column":0},"end":{"line":164,"column":13}},"165":{"start":{"line":166,"column":0},"end":{"line":166,"column":20}},"166":{"start":{"line":167,"column":0},"end":{"line":167,"column":21}},"167":{"start":{"line":168,"column":0},"end":{"line":168,"column":29}},"168":{"start":{"line":169,"column":0},"end":{"line":169,"column":73}},"169":{"start":{"line":170,"column":0},"end":{"line":170,"column":25}},"170":{"start":{"line":171,"column":0},"end":{"line":171,"column":57}},"171":{"start":{"line":172,"column":0},"end":{"line":172,"column":32}},"173":{"start":{"line":174,"column":0},"end":{"line":174,"column":25}},"174":{"start":{"line":175,"column":0},"end":{"line":175,"column":23}},"176":{"start":{"line":177,"column":0},"end":{"line":177,"column":13}},"177":{"start":{"line":178,"column":0},"end":{"line":178,"column":14}},"179":{"start":{"line":180,"column":0},"end":{"line":180,"column":15}},"180":{"start":{"line":181,"column":0},"end":{"line":181,"column":27}},"181":{"start":{"line":182,"column":0},"end":{"line":182,"column":19}},"182":{"start":{"line":183,"column":0},"end":{"line":183,"column":81}},"183":{"start":{"line":184,"column":0},"end":{"line":184,"column":47}},"184":{"start":{"line":185,"column":0},"end":{"line":185,"column":9}},"186":{"start":{"line":187,"column":0},"end":{"line":187,"column":51}},"187":{"start":{"line":188,"column":0},"end":{"line":188,"column":17}},"188":{"start":{"line":189,"column":0},"end":{"line":189,"column":12}},"190":{"start":{"line":191,"column":0},"end":{"line":191,"column":3}},"192":{"start":{"line":193,"column":0},"end":{"line":193,"column":10}},"193":{"start":{"line":194,"column":0},"end":{"line":194,"column":31}},"195":{"start":{"line":196,"column":0},"end":{"line":196,"column":57}},"197":{"start":{"line":198,"column":0},"end":{"line":198,"column":32}},"198":{"start":{"line":199,"column":0},"end":{"line":199,"column":98}},"199":{"start":{"line":200,"column":0},"end":{"line":200,"column":14}},"200":{"start":{"line":201,"column":0},"end":{"line":201,"column":21}},"201":{"start":{"line":202,"column":0},"end":{"line":202,"column":77}},"202":{"start":{"line":203,"column":0},"end":{"line":203,"column":29}},"203":{"start":{"line":204,"column":0},"end":{"line":204,"column":62}},"204":{"start":{"line":205,"column":0},"end":{"line":205,"column":42}},"205":{"start":{"line":206,"column":0},"end":{"line":206,"column":10}},"206":{"start":{"line":207,"column":0},"end":{"line":207,"column":12}},"209":{"start":{"line":210,"column":0},"end":{"line":210,"column":84}},"210":{"start":{"line":211,"column":0},"end":{"line":211,"column":52}},"211":{"start":{"line":212,"column":0},"end":{"line":212,"column":54}},"212":{"start":{"line":213,"column":0},"end":{"line":213,"column":60}},"214":{"start":{"line":215,"column":0},"end":{"line":215,"column":18}},"215":{"start":{"line":216,"column":0},"end":{"line":216,"column":111}},"217":{"start":{"line":218,"column":0},"end":{"line":218,"column":19}},"219":{"start":{"line":220,"column":0},"end":{"line":220,"column":14}},"220":{"start":{"line":221,"column":0},"end":{"line":221,"column":30}},"221":{"start":{"line":222,"column":0},"end":{"line":222,"column":12}},"224":{"start":{"line":225,"column":0},"end":{"line":225,"column":39}},"225":{"start":{"line":226,"column":0},"end":{"line":226,"column":14}},"226":{"start":{"line":227,"column":0},"end":{"line":227,"column":53}},"227":{"start":{"line":228,"column":0},"end":{"line":228,"column":94}},"228":{"start":{"line":229,"column":0},"end":{"line":229,"column":24}},"229":{"start":{"line":230,"column":0},"end":{"line":230,"column":15}},"231":{"start":{"line":232,"column":0},"end":{"line":232,"column":35}},"232":{"start":{"line":233,"column":0},"end":{"line":233,"column":43}},"233":{"start":{"line":234,"column":0},"end":{"line":234,"column":81}},"234":{"start":{"line":235,"column":0},"end":{"line":235,"column":26}},"235":{"start":{"line":236,"column":0},"end":{"line":236,"column":72}},"236":{"start":{"line":237,"column":0},"end":{"line":237,"column":42}},"237":{"start":{"line":238,"column":0},"end":{"line":238,"column":82}},"238":{"start":{"line":239,"column":0},"end":{"line":239,"column":59}},"239":{"start":{"line":240,"column":0},"end":{"line":240,"column":71}},"240":{"start":{"line":241,"column":0},"end":{"line":241,"column":56}},"241":{"start":{"line":242,"column":0},"end":{"line":242,"column":75}},"242":{"start":{"line":243,"column":0},"end":{"line":243,"column":42}},"243":{"start":{"line":244,"column":0},"end":{"line":244,"column":40}},"244":{"start":{"line":245,"column":0},"end":{"line":245,"column":41}},"245":{"start":{"line":246,"column":0},"end":{"line":246,"column":27}},"246":{"start":{"line":247,"column":0},"end":{"line":247,"column":28}},"247":{"start":{"line":248,"column":0},"end":{"line":248,"column":71}},"248":{"start":{"line":249,"column":0},"end":{"line":249,"column":54}},"249":{"start":{"line":250,"column":0},"end":{"line":250,"column":45}},"250":{"start":{"line":251,"column":0},"end":{"line":251,"column":28}},"251":{"start":{"line":252,"column":0},"end":{"line":252,"column":38}},"252":{"start":{"line":253,"column":0},"end":{"line":253,"column":24}},"253":{"start":{"line":254,"column":0},"end":{"line":254,"column":39}},"254":{"start":{"line":255,"column":0},"end":{"line":255,"column":22}},"255":{"start":{"line":256,"column":0},"end":{"line":256,"column":44}},"256":{"start":{"line":257,"column":0},"end":{"line":257,"column":37}},"257":{"start":{"line":258,"column":0},"end":{"line":258,"column":47}},"258":{"start":{"line":259,"column":0},"end":{"line":259,"column":86}},"260":{"start":{"line":261,"column":0},"end":{"line":261,"column":58}},"262":{"start":{"line":263,"column":0},"end":{"line":263,"column":24}},"264":{"start":{"line":265,"column":0},"end":{"line":265,"column":22}},"265":{"start":{"line":266,"column":0},"end":{"line":266,"column":27}},"267":{"start":{"line":268,"column":0},"end":{"line":268,"column":57}},"268":{"start":{"line":269,"column":0},"end":{"line":269,"column":29}},"269":{"start":{"line":270,"column":0},"end":{"line":270,"column":72}},"270":{"start":{"line":271,"column":0},"end":{"line":271,"column":45}},"271":{"start":{"line":272,"column":0},"end":{"line":272,"column":57}},"272":{"start":{"line":273,"column":0},"end":{"line":273,"column":52}},"273":{"start":{"line":274,"column":0},"end":{"line":274,"column":56}},"274":{"start":{"line":275,"column":0},"end":{"line":275,"column":43}},"275":{"start":{"line":276,"column":0},"end":{"line":276,"column":45}},"276":{"start":{"line":277,"column":0},"end":{"line":277,"column":32}},"278":{"start":{"line":279,"column":0},"end":{"line":279,"column":34}},"279":{"start":{"line":280,"column":0},"end":{"line":280,"column":89}},"280":{"start":{"line":281,"column":0},"end":{"line":281,"column":80}},"281":{"start":{"line":282,"column":0},"end":{"line":282,"column":52}},"282":{"start":{"line":283,"column":0},"end":{"line":283,"column":101}},"284":{"start":{"line":285,"column":0},"end":{"line":285,"column":86}},"285":{"start":{"line":286,"column":0},"end":{"line":286,"column":88}},"286":{"start":{"line":287,"column":0},"end":{"line":287,"column":63}},"287":{"start":{"line":288,"column":0},"end":{"line":288,"column":132}},"288":{"start":{"line":289,"column":0},"end":{"line":289,"column":64}},"289":{"start":{"line":290,"column":0},"end":{"line":290,"column":101}},"290":{"start":{"line":291,"column":0},"end":{"line":291,"column":87}},"291":{"start":{"line":292,"column":0},"end":{"line":292,"column":45}},"292":{"start":{"line":293,"column":0},"end":{"line":293,"column":82}},"293":{"start":{"line":294,"column":0},"end":{"line":294,"column":73}},"294":{"start":{"line":295,"column":0},"end":{"line":295,"column":40}},"295":{"start":{"line":296,"column":0},"end":{"line":296,"column":35}},"296":{"start":{"line":297,"column":0},"end":{"line":297,"column":36}},"297":{"start":{"line":298,"column":0},"end":{"line":298,"column":53}},"298":{"start":{"line":299,"column":0},"end":{"line":299,"column":75}},"299":{"start":{"line":300,"column":0},"end":{"line":300,"column":71}},"300":{"start":{"line":301,"column":0},"end":{"line":301,"column":38}},"301":{"start":{"line":302,"column":0},"end":{"line":302,"column":52}},"302":{"start":{"line":303,"column":0},"end":{"line":303,"column":53}},"303":{"start":{"line":304,"column":0},"end":{"line":304,"column":53}},"304":{"start":{"line":305,"column":0},"end":{"line":305,"column":63}},"305":{"start":{"line":306,"column":0},"end":{"line":306,"column":149}},"307":{"start":{"line":308,"column":0},"end":{"line":308,"column":70}},"308":{"start":{"line":309,"column":0},"end":{"line":309,"column":89}},"309":{"start":{"line":310,"column":0},"end":{"line":310,"column":40}},"310":{"start":{"line":311,"column":0},"end":{"line":311,"column":37}},"311":{"start":{"line":312,"column":0},"end":{"line":312,"column":38}},"313":{"start":{"line":314,"column":0},"end":{"line":314,"column":34}},"315":{"start":{"line":316,"column":0},"end":{"line":316,"column":27}},"316":{"start":{"line":317,"column":0},"end":{"line":317,"column":24}},"317":{"start":{"line":318,"column":0},"end":{"line":318,"column":30}},"319":{"start":{"line":320,"column":0},"end":{"line":320,"column":19}},"320":{"start":{"line":321,"column":0},"end":{"line":321,"column":13}},"321":{"start":{"line":322,"column":0},"end":{"line":322,"column":14}},"325":{"start":{"line":326,"column":0},"end":{"line":326,"column":28}},"326":{"start":{"line":327,"column":0},"end":{"line":327,"column":30}},"327":{"start":{"line":328,"column":0},"end":{"line":328,"column":12}},"328":{"start":{"line":329,"column":0},"end":{"line":329,"column":10}},"330":{"start":{"line":331,"column":0},"end":{"line":331,"column":1}}},"s":{"2":1,"3":1,"4":1,"5":1,"6":1,"7":1,"14":1,"17":138,"18":138,"19":0,"20":0,"21":138,"22":0,"23":0,"24":138,"25":0,"26":0,"27":138,"28":138,"31":138,"32":138,"33":138,"34":138,"35":0,"36":0,"37":0,"38":0,"39":0,"40":0,"42":0,"43":0,"45":138,"46":0,"47":0,"48":0,"49":0,"50":0,"51":0,"53":0,"54":0,"56":138,"57":0,"58":0,"59":0,"60":0,"61":0,"62":0,"64":0,"65":0,"67":138,"68":0,"69":0,"70":0,"71":0,"72":0,"73":0,"75":0,"76":0,"78":138,"80":138,"82":1,"83":31,"84":31,"85":31,"88":31,"89":27,"91":6,"92":6,"94":25,"97":25,"100":21,"101":21,"102":24,"103":24,"106":24,"107":24,"108":24,"109":24,"110":23,"111":24,"112":20,"114":20,"115":6,"116":31,"119":31,"120":31,"121":31,"122":31,"125":31,"126":6,"127":6,"128":6,"131":31,"132":4,"133":4,"134":4,"137":31,"138":62,"140":22,"141":22,"142":22,"143":22,"144":22,"145":22,"146":22,"148":22,"150":22,"152":22,"153":22,"154":44,"155":44,"156":44,"157":44,"158":0,"159":0,"160":0,"161":0,"162":0,"163":0,"165":44,"166":44,"167":44,"168":44,"169":44,"170":44,"171":44,"173":44,"174":44,"176":22,"177":22,"179":22,"180":22,"181":22,"182":22,"183":22,"184":22,"186":22,"187":22,"188":22,"190":62,"192":31,"193":31,"195":31,"197":31,"198":31,"199":31,"200":31,"201":31,"202":31,"203":31,"204":31,"205":31,"206":31,"209":31,"210":31,"211":31,"212":25,"214":6,"215":6,"217":6,"219":31,"220":31,"221":31,"224":31,"225":1,"226":1,"227":1,"228":1,"229":1,"231":30,"232":30,"233":122,"234":122,"235":122,"236":122,"237":122,"238":122,"239":122,"240":122,"241":122,"242":122,"243":122,"244":122,"245":122,"246":122,"247":122,"248":122,"249":122,"250":122,"251":122,"252":122,"253":122,"254":0,"255":0,"256":0,"257":0,"258":0,"260":0,"262":0,"264":122,"265":122,"267":122,"268":122,"269":122,"270":122,"271":122,"272":138,"273":32,"274":16,"275":16,"276":106,"278":138,"279":138,"280":138,"281":138,"282":16,"284":138,"285":138,"286":138,"287":138,"288":138,"289":138,"290":138,"291":138,"292":138,"293":138,"294":138,"295":138,"296":138,"297":138,"298":32,"299":32,"300":48,"301":48,"302":48,"303":48,"304":48,"305":48,"307":48,"308":48,"309":48,"310":32,"311":32,"313":138,"315":122,"316":122,"317":122,"319":122,"320":30,"321":30,"325":31,"326":31,"327":31,"328":31,"330":31},"branchMap":{"0":{"type":"branch","line":18,"loc":{"start":{"line":18,"column":0},"end":{"line":29,"column":1}},"locations":[{"start":{"line":18,"column":0},"end":{"line":29,"column":1}}]},"1":{"type":"branch","line":19,"loc":{"start":{"line":19,"column":21},"end":{"line":21,"column":3}},"locations":[{"start":{"line":19,"column":21},"end":{"line":21,"column":3}}]},"2":{"type":"branch","line":22,"loc":{"start":{"line":22,"column":21},"end":{"line":24,"column":3}},"locations":[{"start":{"line":22,"column":21},"end":{"line":24,"column":3}}]},"3":{"type":"branch","line":25,"loc":{"start":{"line":25,"column":22},"end":{"line":27,"column":3}},"locations":[{"start":{"line":25,"column":22},"end":{"line":27,"column":3}}]},"4":{"type":"branch","line":32,"loc":{"start":{"line":32,"column":0},"end":{"line":81,"column":1}},"locations":[{"start":{"line":32,"column":0},"end":{"line":81,"column":1}}]},"5":{"type":"branch","line":35,"loc":{"start":{"line":35,"column":14},"end":{"line":44,"column":12}},"locations":[{"start":{"line":35,"column":14},"end":{"line":44,"column":12}}]},"6":{"type":"branch","line":46,"loc":{"start":{"line":46,"column":14},"end":{"line":55,"column":12}},"locations":[{"start":{"line":46,"column":14},"end":{"line":55,"column":12}}]},"7":{"type":"branch","line":57,"loc":{"start":{"line":57,"column":14},"end":{"line":66,"column":12}},"locations":[{"start":{"line":57,"column":14},"end":{"line":66,"column":12}}]},"8":{"type":"branch","line":68,"loc":{"start":{"line":68,"column":14},"end":{"line":77,"column":12}},"locations":[{"start":{"line":68,"column":14},"end":{"line":77,"column":12}}]},"9":{"type":"branch","line":83,"loc":{"start":{"line":83,"column":7},"end":{"line":331,"column":1}},"locations":[{"start":{"line":83,"column":7},"end":{"line":331,"column":1}}]},"10":{"type":"branch","line":212,"loc":{"start":{"line":212,"column":44},"end":{"line":213,"column":60}},"locations":[{"start":{"line":212,"column":44},"end":{"line":213,"column":60}}]},"11":{"type":"branch","line":213,"loc":{"start":{"line":213,"column":53},"end":{"line":218,"column":19}},"locations":[{"start":{"line":213,"column":53},"end":{"line":218,"column":19}}]},"12":{"type":"branch","line":216,"loc":{"start":{"line":216,"column":73},"end":{"line":216,"column":83}},"locations":[{"start":{"line":216,"column":73},"end":{"line":216,"column":83}}]},"13":{"type":"branch","line":216,"loc":{"start":{"line":216,"column":77},"end":{"line":216,"column":86}},"locations":[{"start":{"line":216,"column":77},"end":{"line":216,"column":86}}]},"14":{"type":"branch","line":225,"loc":{"start":{"line":225,"column":34},"end":{"line":230,"column":15}},"locations":[{"start":{"line":225,"column":34},"end":{"line":230,"column":15}}]},"15":{"type":"branch","line":230,"loc":{"start":{"line":230,"column":8},"end":{"line":322,"column":14}},"locations":[{"start":{"line":230,"column":8},"end":{"line":322,"column":14}}]},"16":{"type":"branch","line":89,"loc":{"start":{"line":89,"column":33},"end":{"line":117,"column":5}},"locations":[{"start":{"line":89,"column":33},"end":{"line":117,"column":5}}]},"17":{"type":"branch","line":90,"loc":{"start":{"line":90,"column":29},"end":{"line":90,"column":42}},"locations":[{"start":{"line":90,"column":29},"end":{"line":90,"column":42}}]},"18":{"type":"branch","line":90,"loc":{"start":{"line":90,"column":36},"end":{"line":116,"column":6}},"locations":[{"start":{"line":90,"column":36},"end":{"line":116,"column":6}}]},"19":{"type":"branch","line":93,"loc":{"start":{"line":93,"column":25},"end":{"line":116,"column":5}},"locations":[{"start":{"line":93,"column":25},"end":{"line":116,"column":5}}]},"20":{"type":"branch","line":95,"loc":{"start":{"line":95,"column":54},"end":{"line":95,"column":65}},"locations":[{"start":{"line":95,"column":54},"end":{"line":95,"column":65}}]},"21":{"type":"branch","line":95,"loc":{"start":{"line":95,"column":61},"end":{"line":98,"column":44}},"locations":[{"start":{"line":95,"column":61},"end":{"line":98,"column":44}}]},"22":{"type":"branch","line":98,"loc":{"start":{"line":98,"column":63},"end":{"line":98,"column":74}},"locations":[{"start":{"line":98,"column":63},"end":{"line":98,"column":74}}]},"23":{"type":"branch","line":98,"loc":{"start":{"line":98,"column":70},"end":{"line":113,"column":7}},"locations":[{"start":{"line":98,"column":70},"end":{"line":113,"column":7}}]},"24":{"type":"branch","line":102,"loc":{"start":{"line":102,"column":40},"end":{"line":112,"column":9}},"locations":[{"start":{"line":102,"column":40},"end":{"line":112,"column":9}}]},"25":{"type":"branch","line":103,"loc":{"start":{"line":103,"column":57},"end":{"line":103,"column":68}},"locations":[{"start":{"line":103,"column":57},"end":{"line":103,"column":68}}]},"26":{"type":"branch","line":104,"loc":{"start":{"line":104,"column":19},"end":{"line":104,"column":44}},"locations":[{"start":{"line":104,"column":19},"end":{"line":104,"column":44}}]},"27":{"type":"branch","line":104,"loc":{"start":{"line":104,"column":63},"end":{"line":104,"column":74}},"locations":[{"start":{"line":104,"column":63},"end":{"line":104,"column":74}}]},"28":{"type":"branch","line":109,"loc":{"start":{"line":109,"column":62},"end":{"line":109,"column":73}},"locations":[{"start":{"line":109,"column":62},"end":{"line":109,"column":73}}]},"29":{"type":"branch","line":110,"loc":{"start":{"line":110,"column":12},"end":{"line":111,"column":11}},"locations":[{"start":{"line":110,"column":12},"end":{"line":111,"column":11}}]},"30":{"type":"branch","line":112,"loc":{"start":{"line":112,"column":8},"end":{"line":113,"column":7}},"locations":[{"start":{"line":112,"column":8},"end":{"line":113,"column":7}}]},"31":{"type":"branch","line":113,"loc":{"start":{"line":113,"column":6},"end":{"line":115,"column":18}},"locations":[{"start":{"line":113,"column":6},"end":{"line":115,"column":18}}]},"32":{"type":"branch","line":126,"loc":{"start":{"line":126,"column":29},"end":{"line":129,"column":3}},"locations":[{"start":{"line":126,"column":29},"end":{"line":129,"column":3}}]},"33":{"type":"branch","line":132,"loc":{"start":{"line":132,"column":27},"end":{"line":135,"column":3}},"locations":[{"start":{"line":132,"column":27},"end":{"line":135,"column":3}}]},"34":{"type":"branch","line":138,"loc":{"start":{"line":138,"column":29},"end":{"line":191,"column":3}},"locations":[{"start":{"line":138,"column":29},"end":{"line":191,"column":3}}]},"35":{"type":"branch","line":139,"loc":{"start":{"line":139,"column":25},"end":{"line":139,"column":36}},"locations":[{"start":{"line":139,"column":25},"end":{"line":139,"column":36}}]},"36":{"type":"branch","line":139,"loc":{"start":{"line":139,"column":32},"end":{"line":189,"column":12}},"locations":[{"start":{"line":139,"column":32},"end":{"line":189,"column":12}}]},"37":{"type":"branch","line":154,"loc":{"start":{"line":154,"column":59},"end":{"line":177,"column":11}},"locations":[{"start":{"line":154,"column":59},"end":{"line":177,"column":11}}]},"38":{"type":"branch","line":158,"loc":{"start":{"line":158,"column":12},"end":{"line":164,"column":13}},"locations":[{"start":{"line":158,"column":12},"end":{"line":164,"column":13}}]},"39":{"type":"branch","line":169,"loc":{"start":{"line":169,"column":41},"end":{"line":169,"column":63}},"locations":[{"start":{"line":169,"column":41},"end":{"line":169,"column":63}}]},"40":{"type":"branch","line":169,"loc":{"start":{"line":169,"column":51},"end":{"line":169,"column":73}},"locations":[{"start":{"line":169,"column":51},"end":{"line":169,"column":73}}]},"41":{"type":"branch","line":183,"loc":{"start":{"line":183,"column":19},"end":{"line":183,"column":81}},"locations":[{"start":{"line":183,"column":19},"end":{"line":183,"column":81}}]},"42":{"type":"branch","line":204,"loc":{"start":{"line":204,"column":20},"end":{"line":204,"column":62}},"locations":[{"start":{"line":204,"column":20},"end":{"line":204,"column":62}}]},"43":{"type":"branch","line":233,"loc":{"start":{"line":233,"column":31},"end":{"line":320,"column":19}},"locations":[{"start":{"line":233,"column":31},"end":{"line":320,"column":19}}]},"44":{"type":"branch","line":254,"loc":{"start":{"line":254,"column":25},"end":{"line":263,"column":24}},"locations":[{"start":{"line":254,"column":25},"end":{"line":263,"column":24}}]},"45":{"type":"branch","line":272,"loc":{"start":{"line":272,"column":41},"end":{"line":316,"column":25}},"locations":[{"start":{"line":272,"column":41},"end":{"line":316,"column":25}}]},"46":{"type":"branch","line":273,"loc":{"start":{"line":273,"column":46},"end":{"line":276,"column":45}},"locations":[{"start":{"line":273,"column":46},"end":{"line":276,"column":45}}]},"47":{"type":"branch","line":274,"loc":{"start":{"line":274,"column":55},"end":{"line":275,"column":43}},"locations":[{"start":{"line":274,"column":55},"end":{"line":275,"column":43}}]},"48":{"type":"branch","line":275,"loc":{"start":{"line":275,"column":37},"end":{"line":276,"column":45}},"locations":[{"start":{"line":275,"column":37},"end":{"line":276,"column":45}}]},"49":{"type":"branch","line":276,"loc":{"start":{"line":276,"column":44},"end":{"line":277,"column":32}},"locations":[{"start":{"line":276,"column":44},"end":{"line":277,"column":32}}]},"50":{"type":"branch","line":282,"loc":{"start":{"line":282,"column":36},"end":{"line":283,"column":101}},"locations":[{"start":{"line":282,"column":36},"end":{"line":283,"column":101}}]},"51":{"type":"branch","line":298,"loc":{"start":{"line":298,"column":47},"end":{"line":312,"column":38}},"locations":[{"start":{"line":298,"column":47},"end":{"line":312,"column":38}}]},"52":{"type":"branch","line":287,"loc":{"start":{"line":287,"column":50},"end":{"line":295,"column":40}},"locations":[{"start":{"line":287,"column":50},"end":{"line":295,"column":40}}]},"53":{"type":"branch","line":300,"loc":{"start":{"line":300,"column":46},"end":{"line":310,"column":40}},"locations":[{"start":{"line":300,"column":46},"end":{"line":310,"column":40}}]},"54":{"type":"branch","line":309,"loc":{"start":{"line":309,"column":62},"end":{"line":309,"column":86}},"locations":[{"start":{"line":309,"column":62},"end":{"line":309,"column":86}}]},"55":{"type":"branch","line":309,"loc":{"start":{"line":309,"column":81},"end":{"line":309,"column":89}},"locations":[{"start":{"line":309,"column":81},"end":{"line":309,"column":89}}]}},"b":{"0":[138],"1":[0],"2":[0],"3":[0],"4":[138],"5":[0],"6":[0],"7":[0],"8":[0],"9":[31],"10":[25],"11":[6],"12":[1],"13":[5],"14":[1],"15":[30],"16":[27],"17":[21],"18":[6],"19":[25],"20":[3],"21":[22],"22":[1],"23":[21],"24":[24],"25":[0],"26":[3],"27":[0],"28":[1],"29":[23],"30":[20],"31":[20],"32":[6],"33":[4],"34":[62],"35":[40],"36":[22],"37":[44],"38":[0],"39":[22],"40":[22],"41":[4],"42":[6],"43":[122],"44":[0],"45":[138],"46":[32],"47":[16],"48":[16],"49":[106],"50":[16],"51":[32],"52":[138],"53":[48],"54":[32],"55":[16]},"fnMap":{"0":{"name":"getAuthorAvatar","decl":{"start":{"line":18,"column":0},"end":{"line":29,"column":1}},"loc":{"start":{"line":18,"column":0},"end":{"line":29,"column":1}},"line":18},"1":{"name":"AuthorSocialLinks","decl":{"start":{"line":32,"column":0},"end":{"line":81,"column":1}},"loc":{"start":{"line":32,"column":0},"end":{"line":81,"column":1}},"line":32},"2":{"name":"ArchivesList","decl":{"start":{"line":83,"column":7},"end":{"line":331,"column":1}},"loc":{"start":{"line":83,"column":7},"end":{"line":331,"column":1}},"line":83},"3":{"name":"handleSearchChange","decl":{"start":{"line":126,"column":29},"end":{"line":129,"column":3}},"loc":{"start":{"line":126,"column":29},"end":{"line":129,"column":3}},"line":126},"4":{"name":"handlePageChange","decl":{"start":{"line":132,"column":27},"end":{"line":135,"column":3}},"loc":{"start":{"line":132,"column":27},"end":{"line":135,"column":3}},"line":132},"5":{"name":"PaginationControls","decl":{"start":{"line":138,"column":29},"end":{"line":191,"column":3}},"loc":{"start":{"line":138,"column":29},"end":{"line":191,"column":3}},"line":138},"6":{"name":"onClick","decl":{"start":{"line":146,"column":19},"end":{"line":146,"column":72}},"loc":{"start":{"line":146,"column":19},"end":{"line":146,"column":72}},"line":146},"7":{"name":"onClick","decl":{"start":{"line":171,"column":25},"end":{"line":171,"column":57}},"loc":{"start":{"line":171,"column":25},"end":{"line":171,"column":57}},"line":171},"8":{"name":"onClick","decl":{"start":{"line":183,"column":19},"end":{"line":183,"column":81}},"loc":{"start":{"line":183,"column":19},"end":{"line":183,"column":81}},"line":183},"9":{"name":"onChange","decl":{"start":{"line":204,"column":20},"end":{"line":204,"column":62}},"loc":{"start":{"line":204,"column":20},"end":{"line":204,"column":62}},"line":204}},"f":{"0":138,"1":138,"2":31,"3":6,"4":4,"5":62,"6":0,"7":0,"8":4,"9":6}}
,"/Users/gableroux/repos/saglacio/saglac.io/components/faq-section.tsx": {"path":"/Users/gableroux/repos/saglacio/saglac.io/components/faq-section.tsx","all":true,"statementMap":{"0":{"start":{"line":1,"column":0},"end":{"line":1,"column":43}},"1":{"start":{"line":2,"column":0},"end":{"line":2,"column":104}},"2":{"start":{"line":3,"column":0},"end":{"line":3,"column":28}},"3":{"start":{"line":4,"column":0},"end":{"line":4,"column":42}},"4":{"start":{"line":5,"column":0},"end":{"line":5,"column":34}},"6":{"start":{"line":7,"column":0},"end":{"line":7,"column":30}},"7":{"start":{"line":8,"column":0},"end":{"line":8,"column":28}},"10":{"start":{"line":11,"column":0},"end":{"line":11,"column":46}},"12":{"start":{"line":13,"column":0},"end":{"line":13,"column":10}},"13":{"start":{"line":14,"column":0},"end":{"line":14,"column":56}},"14":{"start":{"line":15,"column":0},"end":{"line":15,"column":46}},"15":{"start":{"line":16,"column":0},"end":{"line":16,"column":43}},"16":{"start":{"line":17,"column":0},"end":{"line":17,"column":45}},"17":{"start":{"line":18,"column":0},"end":{"line":18,"column":64}},"18":{"start":{"line":19,"column":0},"end":{"line":19,"column":72}},"19":{"start":{"line":20,"column":0},"end":{"line":20,"column":17}},"20":{"start":{"line":21,"column":0},"end":{"line":21,"column":101}},"21":{"start":{"line":22,"column":0},"end":{"line":22,"column":16}},"23":{"start":{"line":24,"column":0},"end":{"line":24,"column":37}},"24":{"start":{"line":25,"column":0},"end":{"line":25,"column":61}},"25":{"start":{"line":26,"column":0},"end":{"line":26,"column":38}},"26":{"start":{"line":27,"column":0},"end":{"line":27,"column":90}},"27":{"start":{"line":28,"column":0},"end":{"line":28,"column":75}},"28":{"start":{"line":29,"column":0},"end":{"line":29,"column":61}},"29":{"start":{"line":30,"column":0},"end":{"line":30,"column":34}},"30":{"start":{"line":31,"column":0},"end":{"line":31,"column":34}},"31":{"start":{"line":32,"column":0},"end":{"line":32,"column":36}},"32":{"start":{"line":33,"column":0},"end":{"line":33,"column":78}},"34":{"start":{"line":35,"column":0},"end":{"line":35,"column":81}},"35":{"start":{"line":36,"column":0},"end":{"line":36,"column":96}},"36":{"start":{"line":37,"column":0},"end":{"line":37,"column":97}},"37":{"start":{"line":38,"column":0},"end":{"line":38,"column":30}},"38":{"start":{"line":39,"column":0},"end":{"line":39,"column":41}},"39":{"start":{"line":40,"column":0},"end":{"line":40,"column":131}},"40":{"start":{"line":41,"column":0},"end":{"line":41,"column":38}},"41":{"start":{"line":42,"column":0},"end":{"line":42,"column":53}},"42":{"start":{"line":43,"column":0},"end":{"line":43,"column":39}},"43":{"start":{"line":44,"column":0},"end":{"line":44,"column":56}},"44":{"start":{"line":45,"column":0},"end":{"line":45,"column":32}},"45":{"start":{"line":46,"column":0},"end":{"line":46,"column":42}},"46":{"start":{"line":47,"column":0},"end":{"line":47,"column":47}},"47":{"start":{"line":48,"column":0},"end":{"line":48,"column":57}},"48":{"start":{"line":49,"column":0},"end":{"line":49,"column":72}},"49":{"start":{"line":50,"column":0},"end":{"line":50,"column":32}},"51":{"start":{"line":52,"column":0},"end":{"line":52,"column":28}},"53":{"start":{"line":54,"column":0},"end":{"line":54,"column":36}},"54":{"start":{"line":55,"column":0},"end":{"line":55,"column":40}},"55":{"start":{"line":56,"column":0},"end":{"line":56,"column":41}},"56":{"start":{"line":57,"column":0},"end":{"line":57,"column":36}},"57":{"start":{"line":58,"column":0},"end":{"line":58,"column":21}},"58":{"start":{"line":59,"column":0},"end":{"line":59,"column":28}},"59":{"start":{"line":60,"column":0},"end":{"line":60,"column":20}},"60":{"start":{"line":61,"column":0},"end":{"line":61,"column":15}},"61":{"start":{"line":62,"column":0},"end":{"line":62,"column":16}},"63":{"start":{"line":64,"column":0},"end":{"line":64,"column":44}},"64":{"start":{"line":65,"column":0},"end":{"line":65,"column":83}},"66":{"start":{"line":67,"column":0},"end":{"line":67,"column":19}},"67":{"start":{"line":68,"column":0},"end":{"line":68,"column":16}},"68":{"start":{"line":69,"column":0},"end":{"line":69,"column":14}},"69":{"start":{"line":70,"column":0},"end":{"line":70,"column":12}},"70":{"start":{"line":71,"column":0},"end":{"line":71,"column":14}},"72":{"start":{"line":73,"column":0},"end":{"line":73,"column":1}}},"s":{"0":0,"1":0,"2":0,"3":0,"4":0,"6":0,"7":0,"10":0,"12":0,"13":0,"14":0,"15":0,"16":0,"17":0,"18":0,"19":0,"20":0,"21":0,"23":0,"24":0,"25":0,"26":0,"27":0,"28":0,"29":0,"30":0,"31":0,"32":0,"34":0,"35":0,"36":0,"37":0,"38":0,"39":0,"40":0,"41":0,"42":0,"43":0,"44":0,"45":0,"46":0,"47":0,"48":0,"49":0,"51":0,"53":0,"54":0,"55":0,"56":0,"57":0,"58":0,"59":0,"60":0,"61":0,"63":0,"64":0,"66":0,"67":0,"68":0,"69":0,"70":0,"72":0},"branchMap":{"0":{"type":"branch","line":1,"loc":{"start":{"line":1,"column":3032},"end":{"line":73,"column":1}},"locations":[{"start":{"line":1,"column":3032},"end":{"line":73,"column":1}}]}},"b":{"0":[0]},"fnMap":{"0":{"name":"(empty-report)","decl":{"start":{"line":1,"column":3032},"end":{"line":73,"column":1}},"loc":{"start":{"line":1,"column":3032},"end":{"line":73,"column":1}},"line":1}},"f":{"0":0}}
,"/Users/gableroux/repos/saglacio/saglac.io/components/footer.tsx": {"path":"/Users/gableroux/repos/saglacio/saglac.io/components/footer.tsx","all":true,"statementMap":{"0":{"start":{"line":1,"column":0},"end":{"line":1,"column":28}},"1":{"start":{"line":2,"column":0},"end":{"line":2,"column":30}},"2":{"start":{"line":3,"column":0},"end":{"line":3,"column":79}},"4":{"start":{"line":5,"column":0},"end":{"line":5,"column":26}},"5":{"start":{"line":6,"column":0},"end":{"line":6,"column":10}},"6":{"start":{"line":7,"column":0},"end":{"line":7,"column":69}},"7":{"start":{"line":8,"column":0},"end":{"line":8,"column":46}},"8":{"start":{"line":9,"column":0},"end":{"line":9,"column":56}},"9":{"start":{"line":10,"column":0},"end":{"line":10,"column":15}},"10":{"start":{"line":11,"column":0},"end":{"line":11,"column":34}},"11":{"start":{"line":12,"column":0},"end":{"line":12,"column":20}},"12":{"start":{"line":13,"column":0},"end":{"line":13,"column":70}},"13":{"start":{"line":14,"column":0},"end":{"line":14,"column":39}},"14":{"start":{"line":15,"column":0},"end":{"line":15,"column":27}},"15":{"start":{"line":16,"column":0},"end":{"line":16,"column":27}},"16":{"start":{"line":17,"column":0},"end":{"line":17,"column":39}},"17":{"start":{"line":18,"column":0},"end":{"line":18,"column":27}},"18":{"start":{"line":19,"column":0},"end":{"line":19,"column":16}},"19":{"start":{"line":20,"column":0},"end":{"line":20,"column":18}},"20":{"start":{"line":21,"column":0},"end":{"line":21,"column":62}},"22":{"start":{"line":23,"column":0},"end":{"line":23,"column":16}},"23":{"start":{"line":24,"column":0},"end":{"line":24,"column":16}},"25":{"start":{"line":26,"column":0},"end":{"line":26,"column":15}},"26":{"start":{"line":27,"column":0},"end":{"line":27,"column":62}},"27":{"start":{"line":28,"column":0},"end":{"line":28,"column":38}},"28":{"start":{"line":29,"column":0},"end":{"line":29,"column":18}},"29":{"start":{"line":30,"column":0},"end":{"line":30,"column":99}},"31":{"start":{"line":32,"column":0},"end":{"line":32,"column":23}},"32":{"start":{"line":33,"column":0},"end":{"line":33,"column":19}},"33":{"start":{"line":34,"column":0},"end":{"line":34,"column":18}},"34":{"start":{"line":35,"column":0},"end":{"line":35,"column":104}},"36":{"start":{"line":37,"column":0},"end":{"line":37,"column":23}},"37":{"start":{"line":38,"column":0},"end":{"line":38,"column":19}},"38":{"start":{"line":39,"column":0},"end":{"line":39,"column":18}},"39":{"start":{"line":40,"column":0},"end":{"line":40,"column":107}},"41":{"start":{"line":42,"column":0},"end":{"line":42,"column":23}},"42":{"start":{"line":43,"column":0},"end":{"line":43,"column":19}},"43":{"start":{"line":44,"column":0},"end":{"line":44,"column":18}},"44":{"start":{"line":45,"column":0},"end":{"line":45,"column":102}},"46":{"start":{"line":47,"column":0},"end":{"line":47,"column":23}},"47":{"start":{"line":48,"column":0},"end":{"line":48,"column":19}},"48":{"start":{"line":49,"column":0},"end":{"line":49,"column":18}},"49":{"start":{"line":50,"column":0},"end":{"line":50,"column":106}},"51":{"start":{"line":52,"column":0},"end":{"line":52,"column":23}},"52":{"start":{"line":53,"column":0},"end":{"line":53,"column":19}},"53":{"start":{"line":54,"column":0},"end":{"line":54,"column":17}},"54":{"start":{"line":55,"column":0},"end":{"line":55,"column":16}},"56":{"start":{"line":57,"column":0},"end":{"line":57,"column":15}},"57":{"start":{"line":58,"column":0},"end":{"line":58,"column":62}},"58":{"start":{"line":59,"column":0},"end":{"line":59,"column":39}},"59":{"start":{"line":60,"column":0},"end":{"line":60,"column":16}},"60":{"start":{"line":61,"column":0},"end":{"line":61,"column":64}},"61":{"start":{"line":62,"column":0},"end":{"line":62,"column":31}},"62":{"start":{"line":63,"column":0},"end":{"line":63,"column":41}},"63":{"start":{"line":64,"column":0},"end":{"line":64,"column":107}},"65":{"start":{"line":66,"column":0},"end":{"line":66,"column":38}},"66":{"start":{"line":67,"column":0},"end":{"line":67,"column":44}},"67":{"start":{"line":68,"column":0},"end":{"line":68,"column":18}},"68":{"start":{"line":69,"column":0},"end":{"line":69,"column":16}},"69":{"start":{"line":70,"column":0},"end":{"line":70,"column":56}},"70":{"start":{"line":71,"column":0},"end":{"line":71,"column":31}},"71":{"start":{"line":72,"column":0},"end":{"line":72,"column":41}},"72":{"start":{"line":73,"column":0},"end":{"line":73,"column":107}},"74":{"start":{"line":75,"column":0},"end":{"line":75,"column":38}},"75":{"start":{"line":76,"column":0},"end":{"line":76,"column":42}},"76":{"start":{"line":77,"column":0},"end":{"line":77,"column":18}},"77":{"start":{"line":78,"column":0},"end":{"line":78,"column":16}},"78":{"start":{"line":79,"column":0},"end":{"line":79,"column":51}},"79":{"start":{"line":80,"column":0},"end":{"line":80,"column":31}},"80":{"start":{"line":81,"column":0},"end":{"line":81,"column":41}},"81":{"start":{"line":82,"column":0},"end":{"line":82,"column":107}},"83":{"start":{"line":84,"column":0},"end":{"line":84,"column":37}},"84":{"start":{"line":85,"column":0},"end":{"line":85,"column":36}},"85":{"start":{"line":86,"column":0},"end":{"line":86,"column":18}},"86":{"start":{"line":87,"column":0},"end":{"line":87,"column":16}},"87":{"start":{"line":88,"column":0},"end":{"line":88,"column":65}},"88":{"start":{"line":89,"column":0},"end":{"line":89,"column":31}},"89":{"start":{"line":90,"column":0},"end":{"line":90,"column":41}},"90":{"start":{"line":91,"column":0},"end":{"line":91,"column":107}},"92":{"start":{"line":93,"column":0},"end":{"line":93,"column":38}},"93":{"start":{"line":94,"column":0},"end":{"line":94,"column":37}},"94":{"start":{"line":95,"column":0},"end":{"line":95,"column":18}},"95":{"start":{"line":96,"column":0},"end":{"line":96,"column":16}},"96":{"start":{"line":97,"column":0},"end":{"line":97,"column":52}},"97":{"start":{"line":98,"column":0},"end":{"line":98,"column":31}},"98":{"start":{"line":99,"column":0},"end":{"line":99,"column":41}},"99":{"start":{"line":100,"column":0},"end":{"line":100,"column":107}},"101":{"start":{"line":102,"column":0},"end":{"line":102,"column":43}},"102":{"start":{"line":103,"column":0},"end":{"line":103,"column":36}},"103":{"start":{"line":104,"column":0},"end":{"line":104,"column":18}},"104":{"start":{"line":105,"column":0},"end":{"line":105,"column":16}},"105":{"start":{"line":106,"column":0},"end":{"line":106,"column":44}},"106":{"start":{"line":107,"column":0},"end":{"line":107,"column":107}},"108":{"start":{"line":109,"column":0},"end":{"line":109,"column":34}},"109":{"start":{"line":110,"column":0},"end":{"line":110,"column":43}},"110":{"start":{"line":111,"column":0},"end":{"line":111,"column":18}},"111":{"start":{"line":112,"column":0},"end":{"line":112,"column":18}},"112":{"start":{"line":113,"column":0},"end":{"line":113,"column":16}},"113":{"start":{"line":114,"column":0},"end":{"line":114,"column":14}},"115":{"start":{"line":116,"column":0},"end":{"line":116,"column":92}},"116":{"start":{"line":117,"column":0},"end":{"line":117,"column":78}},"117":{"start":{"line":118,"column":0},"end":{"line":118,"column":102}},"118":{"start":{"line":119,"column":0},"end":{"line":119,"column":14}},"119":{"start":{"line":120,"column":0},"end":{"line":120,"column":12}},"120":{"start":{"line":121,"column":0},"end":{"line":121,"column":13}},"122":{"start":{"line":123,"column":0},"end":{"line":123,"column":1}}},"s":{"0":0,"1":0,"2":0,"4":0,"5":0,"6":0,"7":0,"8":0,"9":0,"10":0,"11":0,"12":0,"13":0,"14":0,"15":0,"16":0,"17":0,"18":0,"19":0,"20":0,"22":0,"23":0,"25":0,"26":0,"27":0,"28":0,"29":0,"31":0,"32":0,"33":0,"34":0,"36":0,"37":0,"38":0,"39":0,"41":0,"42":0,"43":0,"44":0,"46":0,"47":0,"48":0,"49":0,"51":0,"52":0,"53":0,"54":0,"56":0,"57":0,"58":0,"59":0,"60":0,"61":0,"62":0,"63":0,"65":0,"66":0,"67":0,"68":0,"69":0,"70":0,"71":0,"72":0,"74":0,"75":0,"76":0,"77":0,"78":0,"79":0,"80":0,"81":0,"83":0,"84":0,"85":0,"86":0,"87":0,"88":0,"89":0,"90":0,"92":0,"93":0,"94":0,"95":0,"96":0,"97":0,"98":0,"99":0,"101":0,"102":0,"103":0,"104":0,"105":0,"106":0,"108":0,"109":0,"110":0,"111":0,"112":0,"113":0,"115":0,"116":0,"117":0,"118":0,"119":0,"120":0,"122":0},"branchMap":{"0":{"type":"branch","line":1,"loc":{"start":{"line":1,"column":4656},"end":{"line":123,"column":1}},"locations":[{"start":{"line":1,"column":4656},"end":{"line":123,"column":1}}]}},"b":{"0":[0]},"fnMap":{"0":{"name":"(empty-report)","decl":{"start":{"line":1,"column":4656},"end":{"line":123,"column":1}},"loc":{"start":{"line":1,"column":4656},"end":{"line":123,"column":1}},"line":1}},"f":{"0":0}}
,"/Users/gableroux/repos/saglacio/saglac.io/components/header.tsx": {"path":"/Users/gableroux/repos/saglacio/saglac.io/components/header.tsx","all":true,"statementMap":{"2":{"start":{"line":3,"column":0},"end":{"line":3,"column":28}},"3":{"start":{"line":4,"column":0},"end":{"line":4,"column":30}},"4":{"start":{"line":5,"column":0},"end":{"line":5,"column":32}},"5":{"start":{"line":6,"column":0},"end":{"line":6,"column":38}},"6":{"start":{"line":7,"column":0},"end":{"line":7,"column":47}},"8":{"start":{"line":9,"column":0},"end":{"line":9,"column":26}},"9":{"start":{"line":10,"column":0},"end":{"line":10,"column":61}},"11":{"start":{"line":12,"column":0},"end":{"line":12,"column":10}},"12":{"start":{"line":13,"column":0},"end":{"line":13,"column":113}},"13":{"start":{"line":14,"column":0},"end":{"line":14,"column":51}},"14":{"start":{"line":15,"column":0},"end":{"line":15,"column":59}},"15":{"start":{"line":16,"column":0},"end":{"line":16,"column":61}},"16":{"start":{"line":17,"column":0},"end":{"line":17,"column":18}},"17":{"start":{"line":18,"column":0},"end":{"line":18,"column":68}},"18":{"start":{"line":19,"column":0},"end":{"line":19,"column":37}},"19":{"start":{"line":20,"column":0},"end":{"line":20,"column":25}},"20":{"start":{"line":21,"column":0},"end":{"line":21,"column":25}},"21":{"start":{"line":22,"column":0},"end":{"line":22,"column":37}},"22":{"start":{"line":23,"column":0},"end":{"line":23,"column":25}},"23":{"start":{"line":24,"column":0},"end":{"line":24,"column":14}},"24":{"start":{"line":25,"column":0},"end":{"line":25,"column":17}},"27":{"start":{"line":28,"column":0},"end":{"line":28,"column":61}},"28":{"start":{"line":29,"column":0},"end":{"line":29,"column":95}},"30":{"start":{"line":31,"column":0},"end":{"line":31,"column":19}},"31":{"start":{"line":32,"column":0},"end":{"line":32,"column":100}},"33":{"start":{"line":34,"column":0},"end":{"line":34,"column":19}},"34":{"start":{"line":35,"column":0},"end":{"line":35,"column":103}},"36":{"start":{"line":37,"column":0},"end":{"line":37,"column":19}},"37":{"start":{"line":38,"column":0},"end":{"line":38,"column":98}},"39":{"start":{"line":40,"column":0},"end":{"line":40,"column":19}},"40":{"start":{"line":41,"column":0},"end":{"line":41,"column":102}},"42":{"start":{"line":43,"column":0},"end":{"line":43,"column":19}},"43":{"start":{"line":44,"column":0},"end":{"line":44,"column":19}},"44":{"start":{"line":45,"column":0},"end":{"line":45,"column":21}},"45":{"start":{"line":46,"column":0},"end":{"line":46,"column":31}},"46":{"start":{"line":47,"column":0},"end":{"line":47,"column":115}},"48":{"start":{"line":49,"column":0},"end":{"line":49,"column":108}},"50":{"start":{"line":51,"column":0},"end":{"line":51,"column":18}},"51":{"start":{"line":52,"column":0},"end":{"line":52,"column":21}},"52":{"start":{"line":53,"column":0},"end":{"line":53,"column":16}},"55":{"start":{"line":56,"column":0},"end":{"line":56,"column":17}},"56":{"start":{"line":57,"column":0},"end":{"line":57,"column":49}},"57":{"start":{"line":58,"column":0},"end":{"line":58,"column":62}},"58":{"start":{"line":59,"column":0},"end":{"line":59,"column":36}},"60":{"start":{"line":61,"column":0},"end":{"line":61,"column":67}},"61":{"start":{"line":62,"column":0},"end":{"line":62,"column":19}},"62":{"start":{"line":63,"column":0},"end":{"line":63,"column":14}},"65":{"start":{"line":66,"column":0},"end":{"line":66,"column":28}},"66":{"start":{"line":67,"column":0},"end":{"line":67,"column":67}},"67":{"start":{"line":68,"column":0},"end":{"line":68,"column":17}},"68":{"start":{"line":69,"column":0},"end":{"line":69,"column":22}},"69":{"start":{"line":70,"column":0},"end":{"line":70,"column":81}},"70":{"start":{"line":71,"column":0},"end":{"line":71,"column":54}},"71":{"start":{"line":72,"column":0},"end":{"line":72,"column":13}},"73":{"start":{"line":74,"column":0},"end":{"line":74,"column":19}},"74":{"start":{"line":75,"column":0},"end":{"line":75,"column":17}},"75":{"start":{"line":76,"column":0},"end":{"line":76,"column":27}},"76":{"start":{"line":77,"column":0},"end":{"line":77,"column":81}},"77":{"start":{"line":78,"column":0},"end":{"line":78,"column":54}},"78":{"start":{"line":79,"column":0},"end":{"line":79,"column":13}},"80":{"start":{"line":81,"column":0},"end":{"line":81,"column":19}},"81":{"start":{"line":82,"column":0},"end":{"line":82,"column":17}},"82":{"start":{"line":83,"column":0},"end":{"line":83,"column":30}},"83":{"start":{"line":84,"column":0},"end":{"line":84,"column":81}},"84":{"start":{"line":85,"column":0},"end":{"line":85,"column":54}},"85":{"start":{"line":86,"column":0},"end":{"line":86,"column":13}},"87":{"start":{"line":88,"column":0},"end":{"line":88,"column":19}},"88":{"start":{"line":89,"column":0},"end":{"line":89,"column":17}},"89":{"start":{"line":90,"column":0},"end":{"line":90,"column":25}},"90":{"start":{"line":91,"column":0},"end":{"line":91,"column":81}},"91":{"start":{"line":92,"column":0},"end":{"line":92,"column":54}},"92":{"start":{"line":93,"column":0},"end":{"line":93,"column":13}},"94":{"start":{"line":95,"column":0},"end":{"line":95,"column":19}},"95":{"start":{"line":96,"column":0},"end":{"line":96,"column":17}},"96":{"start":{"line":97,"column":0},"end":{"line":97,"column":29}},"97":{"start":{"line":98,"column":0},"end":{"line":98,"column":81}},"98":{"start":{"line":99,"column":0},"end":{"line":99,"column":54}},"99":{"start":{"line":100,"column":0},"end":{"line":100,"column":13}},"101":{"start":{"line":102,"column":0},"end":{"line":102,"column":19}},"102":{"start":{"line":103,"column":0},"end":{"line":103,"column":19}},"103":{"start":{"line":104,"column":0},"end":{"line":104,"column":21}},"104":{"start":{"line":105,"column":0},"end":{"line":105,"column":31}},"105":{"start":{"line":106,"column":0},"end":{"line":106,"column":122}},"107":{"start":{"line":108,"column":0},"end":{"line":108,"column":108}},"109":{"start":{"line":110,"column":0},"end":{"line":110,"column":18}},"110":{"start":{"line":111,"column":0},"end":{"line":111,"column":21}},"111":{"start":{"line":112,"column":0},"end":{"line":112,"column":16}},"113":{"start":{"line":114,"column":0},"end":{"line":114,"column":12}},"114":{"start":{"line":115,"column":0},"end":{"line":115,"column":13}},"116":{"start":{"line":117,"column":0},"end":{"line":117,"column":1}}},"s":{"2":0,"3":0,"4":0,"5":0,"6":0,"8":0,"9":0,"11":0,"12":0,"13":0,"14":0,"15":0,"16":0,"17":0,"18":0,"19":0,"20":0,"21":0,"22":0,"23":0,"24":0,"27":0,"28":0,"30":0,"31":0,"33":0,"34":0,"36":0,"37":0,"39":0,"40":0,"42":0,"43":0,"44":0,"45":0,"46":0,"48":0,"50":0,"51":0,"52":0,"55":0,"56":0,"57":0,"58":0,"60":0,"61":0,"62":0,"65":0,"66":0,"67":0,"68":0,"69":0,"70":0,"71":0,"73":0,"74":0,"75":0,"76":0,"77":0,"78":0,"80":0,"81":0,"82":0,"83":0,"84":0,"85":0,"87":0,"88":0,"89":0,"90":0,"91":0,"92":0,"94":0,"95":0,"96":0,"97":0,"98":0,"99":0,"101":0,"102":0,"103":0,"104":0,"105":0,"107":0,"109":0,"110":0,"111":0,"113":0,"114":0,"116":0},"branchMap":{"0":{"type":"branch","line":1,"loc":{"start":{"line":1,"column":4158},"end":{"line":117,"column":1}},"locations":[{"start":{"line":1,"column":4158},"end":{"line":117,"column":1}}]}},"b":{"0":[1]},"fnMap":{"0":{"name":"(empty-report)","decl":{"start":{"line":1,"column":4158},"end":{"line":117,"column":1}},"loc":{"start":{"line":1,"column":4158},"end":{"line":117,"column":1}},"line":1}},"f":{"0":1}}
,"/Users/gableroux/repos/saglacio/saglac.io/components/hero.tsx": {"path":"/Users/gableroux/repos/saglacio/saglac.io/components/hero.tsx","all":true,"statementMap":{"0":{"start":{"line":1,"column":0},"end":{"line":1,"column":47}},"1":{"start":{"line":2,"column":0},"end":{"line":2,"column":41}},"3":{"start":{"line":4,"column":0},"end":{"line":4,"column":24}},"4":{"start":{"line":5,"column":0},"end":{"line":5,"column":10}},"5":{"start":{"line":6,"column":0},"end":{"line":6,"column":96}},"7":{"start":{"line":8,"column":0},"end":{"line":8,"column":104}},"8":{"start":{"line":9,"column":0},"end":{"line":9,"column":53}},"9":{"start":{"line":10,"column":0},"end":{"line":10,"column":115}},"10":{"start":{"line":11,"column":0},"end":{"line":11,"column":129}},"11":{"start":{"line":12,"column":0},"end":{"line":12,"column":14}},"12":{"start":{"line":13,"column":0},"end":{"line":13,"column":12}},"14":{"start":{"line":15,"column":0},"end":{"line":15,"column":60}},"15":{"start":{"line":16,"column":0},"end":{"line":16,"column":55}},"16":{"start":{"line":17,"column":0},"end":{"line":17,"column":75}},"18":{"start":{"line":19,"column":0},"end":{"line":19,"column":84}},"19":{"start":{"line":20,"column":0},"end":{"line":20,"column":15}},"21":{"start":{"line":22,"column":0},"end":{"line":22,"column":97}},"24":{"start":{"line":25,"column":0},"end":{"line":25,"column":14}},"26":{"start":{"line":27,"column":0},"end":{"line":27,"column":87}},"27":{"start":{"line":28,"column":0},"end":{"line":28,"column":118}},"28":{"start":{"line":29,"column":0},"end":{"line":29,"column":32}},"30":{"start":{"line":31,"column":0},"end":{"line":31,"column":57}},"31":{"start":{"line":32,"column":0},"end":{"line":32,"column":18}},"32":{"start":{"line":33,"column":0},"end":{"line":33,"column":21}},"33":{"start":{"line":34,"column":0},"end":{"line":34,"column":19}},"34":{"start":{"line":35,"column":0},"end":{"line":35,"column":23}},"35":{"start":{"line":36,"column":0},"end":{"line":36,"column":31}},"36":{"start":{"line":37,"column":0},"end":{"line":37,"column":128}},"37":{"start":{"line":38,"column":0},"end":{"line":38,"column":21}},"39":{"start":{"line":40,"column":0},"end":{"line":40,"column":52}},"40":{"start":{"line":41,"column":0},"end":{"line":41,"column":21}},"41":{"start":{"line":42,"column":0},"end":{"line":42,"column":16}},"43":{"start":{"line":44,"column":0},"end":{"line":44,"column":99}},"44":{"start":{"line":45,"column":0},"end":{"line":45,"column":53}},"45":{"start":{"line":46,"column":0},"end":{"line":46,"column":65}},"46":{"start":{"line":47,"column":0},"end":{"line":47,"column":39}},"47":{"start":{"line":48,"column":0},"end":{"line":48,"column":18}},"48":{"start":{"line":49,"column":0},"end":{"line":49,"column":53}},"49":{"start":{"line":50,"column":0},"end":{"line":50,"column":65}},"50":{"start":{"line":51,"column":0},"end":{"line":51,"column":40}},"51":{"start":{"line":52,"column":0},"end":{"line":52,"column":18}},"52":{"start":{"line":53,"column":0},"end":{"line":53,"column":53}},"53":{"start":{"line":54,"column":0},"end":{"line":54,"column":65}},"54":{"start":{"line":55,"column":0},"end":{"line":55,"column":65}},"55":{"start":{"line":56,"column":0},"end":{"line":56,"column":18}},"56":{"start":{"line":57,"column":0},"end":{"line":57,"column":16}},"57":{"start":{"line":58,"column":0},"end":{"line":58,"column":14}},"58":{"start":{"line":59,"column":0},"end":{"line":59,"column":12}},"61":{"start":{"line":62,"column":0},"end":{"line":62,"column":82}},"62":{"start":{"line":63,"column":0},"end":{"line":63,"column":110}},"63":{"start":{"line":64,"column":0},"end":{"line":64,"column":61}},"64":{"start":{"line":65,"column":0},"end":{"line":65,"column":14}},"65":{"start":{"line":66,"column":0},"end":{"line":66,"column":12}},"66":{"start":{"line":67,"column":0},"end":{"line":67,"column":14}},"68":{"start":{"line":69,"column":0},"end":{"line":69,"column":1}}},"s":{"0":0,"1":0,"3":0,"4":0,"5":0,"7":0,"8":0,"9":0,"10":0,"11":0,"12":0,"14":0,"15":0,"16":0,"18":0,"19":0,"21":0,"24":0,"26":0,"27":0,"28":0,"30":0,"31":0,"32":0,"33":0,"34":0,"35":0,"36":0,"37":0,"39":0,"40":0,"41":0,"43":0,"44":0,"45":0,"46":0,"47":0,"48":0,"49":0,"50":0,"51":0,"52":0,"53":0,"54":0,"55":0,"56":0,"57":0,"58":0,"61":0,"62":0,"63":0,"64":0,"65":0,"66":0,"68":0},"branchMap":{"0":{"type":"branch","line":1,"loc":{"start":{"line":1,"column":3057},"end":{"line":69,"column":1}},"locations":[{"start":{"line":1,"column":3057},"end":{"line":69,"column":1}}]}},"b":{"0":[0]},"fnMap":{"0":{"name":"(empty-report)","decl":{"start":{"line":1,"column":3057},"end":{"line":69,"column":1}},"loc":{"start":{"line":1,"column":3057},"end":{"line":69,"column":1}},"line":1}},"f":{"0":0}}
,"/Users/gableroux/repos/saglacio/saglac.io/components/newsletter-form.tsx": {"path":"/Users/gableroux/repos/saglacio/saglac.io/components/newsletter-form.tsx","all":true,"statementMap":{"2":{"start":{"line":3,"column":0},"end":{"line":3,"column":32}},"3":{"start":{"line":4,"column":0},"end":{"line":4,"column":47}},"4":{"start":{"line":5,"column":0},"end":{"line":5,"column":45}},"5":{"start":{"line":6,"column":0},"end":{"line":6,"column":56}},"6":{"start":{"line":7,"column":0},"end":{"line":7,"column":71}},"12":{"start":{"line":13,"column":0},"end":{"line":13,"column":77}},"13":{"start":{"line":14,"column":0},"end":{"line":14,"column":40}},"14":{"start":{"line":15,"column":0},"end":{"line":15,"column":48}},"15":{"start":{"line":16,"column":0},"end":{"line":16,"column":46}},"16":{"start":{"line":17,"column":0},"end":{"line":17,"column":88}},"17":{"start":{"line":18,"column":0},"end":{"line":18,"column":44}},"19":{"start":{"line":20,"column":0},"end":{"line":20,"column":54}},"20":{"start":{"line":21,"column":0},"end":{"line":21,"column":22}},"22":{"start":{"line":23,"column":0},"end":{"line":23,"column":17}},"23":{"start":{"line":24,"column":0},"end":{"line":24,"column":24}},"24":{"start":{"line":25,"column":0},"end":{"line":25,"column":64}},"25":{"start":{"line":26,"column":0},"end":{"line":26,"column":12}},"26":{"start":{"line":27,"column":0},"end":{"line":27,"column":5}},"28":{"start":{"line":29,"column":0},"end":{"line":29,"column":24}},"29":{"start":{"line":30,"column":0},"end":{"line":30,"column":18}},"31":{"start":{"line":32,"column":0},"end":{"line":32,"column":9}},"33":{"start":{"line":34,"column":0},"end":{"line":34,"column":37}},"34":{"start":{"line":35,"column":0},"end":{"line":35,"column":37}},"35":{"start":{"line":36,"column":0},"end":{"line":36,"column":56}},"36":{"start":{"line":37,"column":0},"end":{"line":37,"column":54}},"39":{"start":{"line":40,"column":0},"end":{"line":40,"column":17}},"40":{"start":{"line":41,"column":0},"end":{"line":41,"column":118}},"43":{"start":{"line":44,"column":0},"end":{"line":44,"column":49}},"44":{"start":{"line":45,"column":0},"end":{"line":45,"column":26}},"45":{"start":{"line":46,"column":0},"end":{"line":46,"column":23}},"46":{"start":{"line":47,"column":0},"end":{"line":47,"column":28}},"47":{"start":{"line":48,"column":0},"end":{"line":48,"column":33}},"49":{"start":{"line":50,"column":0},"end":{"line":50,"column":56}},"50":{"start":{"line":51,"column":0},"end":{"line":51,"column":31}},"51":{"start":{"line":52,"column":0},"end":{"line":52,"column":31}},"52":{"start":{"line":53,"column":0},"end":{"line":53,"column":30}},"53":{"start":{"line":54,"column":0},"end":{"line":54,"column":34}},"55":{"start":{"line":56,"column":0},"end":{"line":56,"column":22}},"56":{"start":{"line":57,"column":0},"end":{"line":57,"column":58}},"57":{"start":{"line":58,"column":0},"end":{"line":58,"column":32}},"58":{"start":{"line":59,"column":0},"end":{"line":59,"column":33}},"59":{"start":{"line":60,"column":0},"end":{"line":60,"column":36}},"60":{"start":{"line":61,"column":0},"end":{"line":61,"column":36}},"61":{"start":{"line":62,"column":0},"end":{"line":62,"column":7}},"63":{"start":{"line":64,"column":0},"end":{"line":64,"column":21}},"64":{"start":{"line":65,"column":0},"end":{"line":65,"column":58}},"65":{"start":{"line":66,"column":0},"end":{"line":66,"column":32}},"66":{"start":{"line":67,"column":0},"end":{"line":67,"column":33}},"67":{"start":{"line":68,"column":0},"end":{"line":68,"column":35}},"68":{"start":{"line":69,"column":0},"end":{"line":69,"column":36}},"69":{"start":{"line":70,"column":0},"end":{"line":70,"column":7}},"72":{"start":{"line":73,"column":0},"end":{"line":73,"column":54}},"73":{"start":{"line":74,"column":0},"end":{"line":74,"column":28}},"74":{"start":{"line":75,"column":0},"end":{"line":75,"column":62}},"75":{"start":{"line":76,"column":0},"end":{"line":76,"column":28}},"76":{"start":{"line":77,"column":0},"end":{"line":77,"column":25}},"77":{"start":{"line":78,"column":0},"end":{"line":78,"column":32}},"79":{"start":{"line":80,"column":0},"end":{"line":80,"column":37}},"80":{"start":{"line":81,"column":0},"end":{"line":81,"column":19}},"81":{"start":{"line":82,"column":0},"end":{"line":82,"column":37}},"84":{"start":{"line":85,"column":0},"end":{"line":85,"column":26}},"85":{"start":{"line":86,"column":0},"end":{"line":86,"column":17}},"86":{"start":{"line":87,"column":0},"end":{"line":87,"column":100}},"87":{"start":{"line":88,"column":0},"end":{"line":88,"column":7}},"88":{"start":{"line":89,"column":0},"end":{"line":89,"column":18}},"89":{"start":{"line":90,"column":0},"end":{"line":90,"column":22}},"90":{"start":{"line":91,"column":0},"end":{"line":91,"column":21}},"93":{"start":{"line":94,"column":0},"end":{"line":94,"column":24}},"94":{"start":{"line":95,"column":0},"end":{"line":95,"column":25}},"95":{"start":{"line":96,"column":0},"end":{"line":96,"column":22}},"96":{"start":{"line":97,"column":0},"end":{"line":97,"column":14}},"97":{"start":{"line":98,"column":0},"end":{"line":98,"column":21}},"98":{"start":{"line":99,"column":0},"end":{"line":99,"column":24}},"99":{"start":{"line":100,"column":0},"end":{"line":100,"column":74}},"102":{"start":{"line":103,"column":0},"end":{"line":103,"column":24}},"103":{"start":{"line":104,"column":0},"end":{"line":104,"column":25}},"104":{"start":{"line":105,"column":0},"end":{"line":105,"column":22}},"105":{"start":{"line":106,"column":0},"end":{"line":106,"column":14}},"106":{"start":{"line":107,"column":0},"end":{"line":107,"column":5}},"107":{"start":{"line":108,"column":0},"end":{"line":108,"column":3}},"109":{"start":{"line":110,"column":0},"end":{"line":110,"column":34}},"110":{"start":{"line":111,"column":0},"end":{"line":111,"column":38}},"111":{"start":{"line":112,"column":0},"end":{"line":112,"column":43}},"113":{"start":{"line":114,"column":0},"end":{"line":114,"column":10}},"114":{"start":{"line":115,"column":0},"end":{"line":115,"column":36}},"115":{"start":{"line":116,"column":0},"end":{"line":116,"column":36}},"116":{"start":{"line":117,"column":0},"end":{"line":117,"column":54}},"117":{"start":{"line":118,"column":0},"end":{"line":118,"column":70}},"118":{"start":{"line":119,"column":0},"end":{"line":119,"column":53}},"119":{"start":{"line":120,"column":0},"end":{"line":120,"column":16}},"120":{"start":{"line":121,"column":0},"end":{"line":121,"column":34}},"121":{"start":{"line":122,"column":0},"end":{"line":122,"column":65}},"122":{"start":{"line":123,"column":0},"end":{"line":123,"column":54}},"124":{"start":{"line":125,"column":0},"end":{"line":125,"column":16}},"125":{"start":{"line":126,"column":0},"end":{"line":126,"column":16}},"126":{"start":{"line":127,"column":0},"end":{"line":127,"column":14}},"128":{"start":{"line":129,"column":0},"end":{"line":129,"column":60}},"129":{"start":{"line":130,"column":0},"end":{"line":130,"column":53}},"130":{"start":{"line":131,"column":0},"end":{"line":131,"column":18}},"131":{"start":{"line":132,"column":0},"end":{"line":132,"column":25}},"132":{"start":{"line":133,"column":0},"end":{"line":133,"column":46}},"133":{"start":{"line":134,"column":0},"end":{"line":134,"column":31}},"134":{"start":{"line":135,"column":0},"end":{"line":135,"column":60}},"135":{"start":{"line":136,"column":0},"end":{"line":136,"column":45}},"136":{"start":{"line":137,"column":0},"end":{"line":137,"column":39}},"137":{"start":{"line":138,"column":0},"end":{"line":138,"column":14}},"138":{"start":{"line":139,"column":0},"end":{"line":139,"column":18}},"139":{"start":{"line":140,"column":0},"end":{"line":140,"column":25}},"140":{"start":{"line":141,"column":0},"end":{"line":141,"column":43}},"141":{"start":{"line":142,"column":0},"end":{"line":142,"column":30}},"142":{"start":{"line":143,"column":0},"end":{"line":143,"column":59}},"143":{"start":{"line":144,"column":0},"end":{"line":144,"column":45}},"144":{"start":{"line":145,"column":0},"end":{"line":145,"column":39}},"145":{"start":{"line":146,"column":0},"end":{"line":146,"column":14}},"146":{"start":{"line":147,"column":0},"end":{"line":147,"column":16}},"148":{"start":{"line":149,"column":0},"end":{"line":149,"column":38}},"149":{"start":{"line":150,"column":0},"end":{"line":150,"column":18}},"150":{"start":{"line":151,"column":0},"end":{"line":151,"column":26}},"151":{"start":{"line":152,"column":0},"end":{"line":152,"column":46}},"152":{"start":{"line":153,"column":0},"end":{"line":153,"column":27}},"153":{"start":{"line":154,"column":0},"end":{"line":154,"column":56}},"154":{"start":{"line":155,"column":0},"end":{"line":155,"column":22}},"155":{"start":{"line":156,"column":0},"end":{"line":156,"column":45}},"156":{"start":{"line":157,"column":0},"end":{"line":157,"column":46}},"157":{"start":{"line":158,"column":0},"end":{"line":158,"column":14}},"158":{"start":{"line":159,"column":0},"end":{"line":159,"column":93}},"159":{"start":{"line":160,"column":0},"end":{"line":160,"column":39}},"160":{"start":{"line":161,"column":0},"end":{"line":161,"column":18}},"161":{"start":{"line":162,"column":0},"end":{"line":162,"column":67}},"163":{"start":{"line":164,"column":0},"end":{"line":164,"column":19}},"165":{"start":{"line":166,"column":0},"end":{"line":166,"column":28}},"167":{"start":{"line":168,"column":0},"end":{"line":168,"column":21}},"168":{"start":{"line":169,"column":0},"end":{"line":169,"column":16}},"170":{"start":{"line":171,"column":0},"end":{"line":171,"column":23}},"171":{"start":{"line":172,"column":0},"end":{"line":172,"column":16}},"172":{"start":{"line":173,"column":0},"end":{"line":173,"column":74}},"173":{"start":{"line":174,"column":0},"end":{"line":174,"column":36}},"174":{"start":{"line":175,"column":0},"end":{"line":175,"column":72}},"175":{"start":{"line":176,"column":0},"end":{"line":176,"column":66}},"176":{"start":{"line":177,"column":0},"end":{"line":177,"column":17}},"178":{"start":{"line":179,"column":0},"end":{"line":179,"column":39}},"179":{"start":{"line":180,"column":0},"end":{"line":180,"column":73}},"181":{"start":{"line":182,"column":0},"end":{"line":182,"column":72}},"183":{"start":{"line":184,"column":0},"end":{"line":184,"column":30}},"184":{"start":{"line":185,"column":0},"end":{"line":185,"column":18}},"186":{"start":{"line":187,"column":0},"end":{"line":187,"column":15}},"188":{"start":{"line":189,"column":0},"end":{"line":189,"column":55}},"191":{"start":{"line":192,"column":0},"end":{"line":192,"column":12}},"192":{"start":{"line":193,"column":0},"end":{"line":193,"column":20}},"193":{"start":{"line":194,"column":0},"end":{"line":194,"column":11}},"195":{"start":{"line":196,"column":0},"end":{"line":196,"column":1}}},"s":{"2":0,"3":0,"4":0,"5":0,"6":0,"12":0,"13":0,"14":0,"15":0,"16":0,"17":0,"19":0,"20":0,"22":0,"23":0,"24":0,"25":0,"26":0,"28":0,"29":0,"31":0,"33":0,"34":0,"35":0,"36":0,"39":0,"40":0,"43":0,"44":0,"45":0,"46":0,"47":0,"49":0,"50":0,"51":0,"52":0,"53":0,"55":0,"56":0,"57":0,"58":0,"59":0,"60":0,"61":0,"63":0,"64":0,"65":0,"66":0,"67":0,"68":0,"69":0,"72":0,"73":0,"74":0,"75":0,"76":0,"77":0,"79":0,"80":0,"81":0,"84":0,"85":0,"86":0,"87":0,"88":0,"89":0,"90":0,"93":0,"94":0,"95":0,"96":0,"97":0,"98":0,"99":0,"102":0,"103":0,"104":0,"105":0,"106":0,"107":0,"109":0,"110":0,"111":0,"113":0,"114":0,"115":0,"116":0,"117":0,"118":0,"119":0,"120":0,"121":0,"122":0,"124":0,"125":0,"126":0,"128":0,"129":0,"130":0,"131":0,"132":0,"133":0,"134":0,"135":0,"136":0,"137":0,"138":0,"139":0,"140":0,"141":0,"142":0,"143":0,"144":0,"145":0,"146":0,"148":0,"149":0,"150":0,"151":0,"152":0,"153":0,"154":0,"155":0,"156":0,"157":0,"158":0,"159":0,"160":0,"161":0,"163":0,"165":0,"167":0,"168":0,"170":0,"171":0,"172":0,"173":0,"174":0,"175":0,"176":0,"178":0,"179":0,"181":0,"183":0,"184":0,"186":0,"188":0,"191":0,"192":0,"193":0,"195":0},"branchMap":{"0":{"type":"branch","line":1,"loc":{"start":{"line":1,"column":6206},"end":{"line":196,"column":1}},"locations":[{"start":{"line":1,"column":6206},"end":{"line":196,"column":1}}]}},"b":{"0":[1]},"fnMap":{"0":{"name":"(empty-report)","decl":{"start":{"line":1,"column":6206},"end":{"line":196,"column":1}},"loc":{"start":{"line":1,"column":6206},"end":{"line":196,"column":1}},"line":1}},"f":{"0":1}}
,"/Users/gableroux/repos/saglacio/saglac.io/components/newsletter-section.tsx": {"path":"/Users/gableroux/repos/saglacio/saglac.io/components/newsletter-section.tsx","all":true,"statementMap":{"0":{"start":{"line":1,"column":0},"end":{"line":1,"column":61}},"2":{"start":{"line":3,"column":0},"end":{"line":3,"column":37}},"3":{"start":{"line":4,"column":0},"end":{"line":4,"column":10}},"4":{"start":{"line":5,"column":0},"end":{"line":5,"column":47}},"5":{"start":{"line":6,"column":0},"end":{"line":6,"column":46}},"6":{"start":{"line":7,"column":0},"end":{"line":7,"column":43}},"7":{"start":{"line":8,"column":0},"end":{"line":8,"column":44}},"8":{"start":{"line":9,"column":0},"end":{"line":9,"column":64}},"9":{"start":{"line":10,"column":0},"end":{"line":10,"column":66}},"10":{"start":{"line":11,"column":0},"end":{"line":11,"column":17}},"11":{"start":{"line":12,"column":0},"end":{"line":12,"column":54}},"13":{"start":{"line":14,"column":0},"end":{"line":14,"column":16}},"14":{"start":{"line":15,"column":0},"end":{"line":15,"column":16}},"16":{"start":{"line":17,"column":0},"end":{"line":17,"column":39}},"17":{"start":{"line":18,"column":0},"end":{"line":18,"column":14}},"18":{"start":{"line":19,"column":0},"end":{"line":19,"column":12}},"19":{"start":{"line":20,"column":0},"end":{"line":20,"column":14}},"21":{"start":{"line":22,"column":0},"end":{"line":22,"column":1}}},"s":{"0":0,"2":0,"3":0,"4":0,"5":0,"6":0,"7":0,"8":0,"9":0,"10":0,"11":0,"13":0,"14":0,"16":0,"17":0,"18":0,"19":0,"21":0},"branchMap":{"0":{"type":"branch","line":1,"loc":{"start":{"line":1,"column":690},"end":{"line":22,"column":1}},"locations":[{"start":{"line":1,"column":690},"end":{"line":22,"column":1}}]}},"b":{"0":[0]},"fnMap":{"0":{"name":"(empty-report)","decl":{"start":{"line":1,"column":690},"end":{"line":22,"column":1}},"loc":{"start":{"line":1,"column":690},"end":{"line":22,"column":1}},"line":1}},"f":{"0":0}}
[...]
76}},"20":{"start":{"line":21,"column":0},"end":{"line":21,"column":43}},"22":{"start":{"line":23,"column":0},"end":{"line":23,"column":29}},"23":{"start":{"line":24,"column":0},"end":{"line":24,"column":73}},"24":{"start":{"line":25,"column":0},"end":{"line":25,"column":47}},"25":{"start":{"line":26,"column":0},"end":{"line":26,"column":34}},"26":{"start":{"line":27,"column":0},"end":{"line":27,"column":3}},"28":{"start":{"line":29,"column":0},"end":{"line":29,"column":24}},"29":{"start":{"line":30,"column":0},"end":{"line":30,"column":16}},"30":{"start":{"line":31,"column":0},"end":{"line":31,"column":1}},"35":{"start":{"line":36,"column":0},"end":{"line":36,"column":56}},"36":{"start":{"line":37,"column":0},"end":{"line":37,"column":43}},"38":{"start":{"line":39,"column":0},"end":{"line":39,"column":55}},"39":{"start":{"line":40,"column":0},"end":{"line":40,"column":78}},"41":{"start":{"line":42,"column":0},"end":{"line":42,"column":47}},"43":{"start":{"line":44,"column":0},"end":{"line":44,"column":29}},"44":{"start":{"line":45,"column":0},"end":{"line":45,"column":75}},"45":{"start":{"line":46,"column":0},"end":{"line":46,"column":51}},"46":{"start":{"line":47,"column":0},"end":{"line":47,"column":42}},"47":{"start":{"line":48,"column":0},"end":{"line":48,"column":20}},"48":{"start":{"line":49,"column":0},"end":{"line":49,"column":31}},"49":{"start":{"line":50,"column":0},"end":{"line":50,"column":3}},"51":{"start":{"line":52,"column":0},"end":{"line":52,"column":28}},"52":{"start":{"line":53,"column":0},"end":{"line":53,"column":18}},"53":{"start":{"line":54,"column":0},"end":{"line":54,"column":1}},"58":{"start":{"line":59,"column":0},"end":{"line":59,"column":39}},"59":{"start":{"line":60,"column":0},"end":{"line":60,"column":52}},"60":{"start":{"line":61,"column":0},"end":{"line":61,"column":75}},"62":{"start":{"line":63,"column":0},"end":{"line":63,"column":28}},"64":{"start":{"line":65,"column":0},"end":{"line":65,"column":29}},"65":{"start":{"line":66,"column":0},"end":{"line":66,"column":72}},"66":{"start":{"line":67,"column":0},"end":{"line":67,"column":45}},"67":{"start":{"line":68,"column":0},"end":{"line":68,"column":44}},"68":{"start":{"line":69,"column":0},"end":{"line":69,"column":22}},"69":{"start":{"line":70,"column":0},"end":{"line":70,"column":3}},"72":{"start":{"line":73,"column":0},"end":{"line":73,"column":87}},"73":{"start":{"line":74,"column":0},"end":{"line":74,"column":1}},"78":{"start":{"line":79,"column":0},"end":{"line":79,"column":41}},"79":{"start":{"line":80,"column":0},"end":{"line":80,"column":48}},"80":{"start":{"line":81,"column":0},"end":{"line":81,"column":51}},"81":{"start":{"line":82,"column":0},"end":{"line":82,"column":43}},"82":{"start":{"line":83,"column":0},"end":{"line":83,"column":1}},"87":{"start":{"line":88,"column":0},"end":{"line":88,"column":59}},"88":{"start":{"line":89,"column":0},"end":{"line":89,"column":31}},"89":{"start":{"line":90,"column":0},"end":{"line":90,"column":35}},"91":{"start":{"line":92,"column":0},"end":{"line":92,"column":10}},"92":{"start":{"line":93,"column":0},"end":{"line":93,"column":13}},"93":{"start":{"line":94,"column":0},"end":{"line":94,"column":13}},"94":{"start":{"line":95,"column":0},"end":{"line":95,"column":38}},"95":{"start":{"line":96,"column":0},"end":{"line":96,"column":8}},"96":{"start":{"line":97,"column":0},"end":{"line":97,"column":27}},"97":{"start":{"line":98,"column":0},"end":{"line":98,"column":29}},"98":{"start":{"line":99,"column":0},"end":{"line":99,"column":20}},"99":{"start":{"line":100,"column":0},"end":{"line":100,"column":21}},"100":{"start":{"line":101,"column":0},"end":{"line":101,"column":40}},"101":{"start":{"line":102,"column":0},"end":{"line":102,"column":14}},"102":{"start":{"line":103,"column":0},"end":{"line":103,"column":32}},"103":{"start":{"line":104,"column":0},"end":{"line":104,"column":21}},"104":{"start":{"line":105,"column":0},"end":{"line":105,"column":34}},"105":{"start":{"line":106,"column":0},"end":{"line":106,"column":12}},"106":{"start":{"line":107,"column":0},"end":{"line":107,"column":25}},"107":{"start":{"line":108,"column":0},"end":{"line":108,"column":27}},"108":{"start":{"line":109,"column":0},"end":{"line":109,"column":22}},"109":{"start":{"line":110,"column":0},"end":{"line":110,"column":8}},"110":{"start":{"line":111,"column":0},"end":{"line":111,"column":8}},"111":{"start":{"line":112,"column":0},"end":{"line":112,"column":3}},"112":{"start":{"line":113,"column":0},"end":{"line":113,"column":1}},"117":{"start":{"line":118,"column":0},"end":{"line":118,"column":54}},"118":{"start":{"line":119,"column":0},"end":{"line":119,"column":29}},"119":{"start":{"line":120,"column":0},"end":{"line":120,"column":24}},"121":{"start":{"line":122,"column":0},"end":{"line":122,"column":70}},"123":{"start":{"line":124,"column":0},"end":{"line":124,"column":46}},"126":{"start":{"line":127,"column":0},"end":{"line":127,"column":61}},"127":{"start":{"line":128,"column":0},"end":{"line":128,"column":32}},"128":{"start":{"line":129,"column":0},"end":{"line":129,"column":1}},"133":{"start":{"line":134,"column":0},"end":{"line":134,"column":57}},"134":{"start":{"line":135,"column":0},"end":{"line":135,"column":41}},"135":{"start":{"line":136,"column":0},"end":{"line":136,"column":84}},"136":{"start":{"line":137,"column":0},"end":{"line":137,"column":76}},"137":{"start":{"line":138,"column":0},"end":{"line":138,"column":40}},"138":{"start":{"line":139,"column":0},"end":{"line":139,"column":1}}},"s":{"0":1,"1":1,"2":1,"5":1,"8":1,"9":1,"14":1,"15":3,"17":1,"18":1,"20":1,"22":3,"23":57,"24":57,"25":57,"26":57,"28":1,"29":1,"30":1,"35":1,"36":3,"38":1,"39":1,"41":1,"43":3,"44":22,"45":22,"46":22,"47":22,"48":22,"49":22,"51":1,"52":1,"53":1,"58":1,"59":4,"60":4,"62":4,"64":4,"65":324,"66":324,"67":324,"68":324,"69":324,"72":4,"73":4,"78":1,"79":2,"80":2,"81":2,"82":2,"87":1,"88":2,"89":2,"91":2,"92":2,"93":2,"94":2,"95":0,"96":0,"97":0,"98":0,"99":0,"100":2,"101":6,"102":6,"103":6,"104":6,"105":0,"106":0,"107":0,"108":0,"109":6,"110":2,"111":2,"112":2,"117":1,"118":1,"119":1,"121":1,"123":1,"126":1,"127":1,"128":1,"133":1,"134":4,"135":4,"136":4,"137":1,"138":1},"branchMap":{"0":{"type":"branch","line":15,"loc":{"start":{"line":15,"column":7},"end":{"line":31,"column":1}},"locations":[{"start":{"line":15,"column":7},"end":{"line":31,"column":1}}]},"1":{"type":"branch","line":16,"loc":{"start":{"line":16,"column":20},"end":{"line":16,"column":39}},"locations":[{"start":{"line":16,"column":20},"end":{"line":16,"column":39}}]},"2":{"type":"branch","line":16,"loc":{"start":{"line":16,"column":27},"end":{"line":23,"column":28}},"locations":[{"start":{"line":16,"column":27},"end":{"line":23,"column":28}}]},"3":{"type":"branch","line":23,"loc":{"start":{"line":23,"column":28},"end":{"line":27,"column":3}},"locations":[{"start":{"line":23,"column":28},"end":{"line":27,"column":3}}]},"4":{"type":"branch","line":27,"loc":{"start":{"line":27,"column":2},"end":{"line":31,"column":1}},"locations":[{"start":{"line":27,"column":2},"end":{"line":31,"column":1}}]},"5":{"type":"branch","line":19,"loc":{"start":{"line":19,"column":50},"end":{"line":19,"column":75}},"locations":[{"start":{"line":19,"column":50},"end":{"line":19,"column":75}}]},"6":{"type":"branch","line":36,"loc":{"start":{"line":36,"column":7},"end":{"line":54,"column":1}},"locations":[{"start":{"line":36,"column":7},"end":{"line":54,"column":1}}]},"7":{"type":"branch","line":37,"loc":{"start":{"line":37,"column":22},"end":{"line":37,"column":43}},"locations":[{"start":{"line":37,"column":22},"end":{"line":37,"column":43}}]},"8":{"type":"branch","line":37,"loc":{"start":{"line":37,"column":29},"end":{"line":44,"column":28}},"locations":[{"start":{"line":37,"column":29},"end":{"line":44,"column":28}}]},"9":{"type":"branch","line":44,"loc":{"start":{"line":44,"column":28},"end":{"line":50,"column":3}},"locations":[{"start":{"line":44,"column":28},"end":{"line":50,"column":3}}]},"10":{"type":"branch","line":50,"loc":{"start":{"line":50,"column":2},"end":{"line":54,"column":1}},"locations":[{"start":{"line":50,"column":2},"end":{"line":54,"column":1}}]},"11":{"type":"branch","line":40,"loc":{"start":{"line":40,"column":52},"end":{"line":40,"column":77}},"locations":[{"start":{"line":40,"column":52},"end":{"line":40,"column":77}}]},"12":{"type":"branch","line":59,"loc":{"start":{"line":59,"column":7},"end":{"line":74,"column":1}},"locations":[{"start":{"line":59,"column":7},"end":{"line":74,"column":1}}]},"13":{"type":"branch","line":65,"loc":{"start":{"line":65,"column":28},"end":{"line":70,"column":3}},"locations":[{"start":{"line":65,"column":28},"end":{"line":70,"column":3}}]},"14":{"type":"branch","line":61,"loc":{"start":{"line":61,"column":49},"end":{"line":61,"column":74}},"locations":[{"start":{"line":61,"column":49},"end":{"line":61,"column":74}}]},"15":{"type":"branch","line":73,"loc":{"start":{"line":73,"column":21},"end":{"line":73,"column":86}},"locations":[{"start":{"line":73,"column":21},"end":{"line":73,"column":86}}]},"16":{"type":"branch","line":79,"loc":{"start":{"line":79,"column":7},"end":{"line":83,"column":1}},"locations":[{"start":{"line":79,"column":7},"end":{"line":83,"column":1}}]},"17":{"type":"branch","line":88,"loc":{"start":{"line":88,"column":7},"end":{"line":113,"column":1}},"locations":[{"start":{"line":88,"column":7},"end":{"line":113,"column":1}}]},"18":{"type":"branch","line":95,"loc":{"start":{"line":95,"column":34},"end":{"line":100,"column":21}},"locations":[{"start":{"line":95,"column":34},"end":{"line":100,"column":21}}]},"19":{"type":"branch","line":101,"loc":{"start":{"line":101,"column":28},"end":{"line":111,"column":6}},"locations":[{"start":{"line":101,"column":28},"end":{"line":111,"column":6}}]},"20":{"type":"branch","line":104,"loc":{"start":{"line":104,"column":8},"end":{"line":109,"column":22}},"locations":[{"start":{"line":104,"column":8},"end":{"line":109,"column":22}}]},"21":{"type":"branch","line":105,"loc":{"start":{"line":105,"column":30},"end":{"line":109,"column":22}},"locations":[{"start":{"line":105,"column":30},"end":{"line":109,"column":22}}]},"22":{"type":"branch","line":118,"loc":{"start":{"line":118,"column":7},"end":{"line":129,"column":1}},"locations":[{"start":{"line":118,"column":7},"end":{"line":129,"column":1}}]},"23":{"type":"branch","line":124,"loc":{"start":{"line":124,"column":35},"end":{"line":124,"column":46}},"locations":[{"start":{"line":124,"column":35},"end":{"line":124,"column":46}}]},"24":{"type":"branch","line":122,"loc":{"start":{"line":122,"column":39},"end":{"line":122,"column":69}},"locations":[{"start":{"line":122,"column":39},"end":{"line":122,"column":69}}]},"25":{"type":"branch","line":134,"loc":{"start":{"line":134,"column":7},"end":{"line":139,"column":1}},"locations":[{"start":{"line":134,"column":7},"end":{"line":139,"column":1}}]},"26":{"type":"branch","line":135,"loc":{"start":{"line":135,"column":21},"end":{"line":135,"column":41}},"locations":[{"start":{"line":135,"column":21},"end":{"line":135,"column":41}}]},"27":{"type":"branch","line":135,"loc":{"start":{"line":135,"column":35},"end":{"line":136,"column":28}},"locations":[{"start":{"line":135,"column":35},"end":{"line":136,"column":28}}]},"28":{"type":"branch","line":136,"loc":{"start":{"line":136,"column":21},"end":{"line":136,"column":84}},"locations":[{"start":{"line":136,"column":21},"end":{"line":136,"column":84}}]},"29":{"type":"branch","line":136,"loc":{"start":{"line":136,"column":82},"end":{"line":137,"column":29}},"locations":[{"start":{"line":136,"column":82},"end":{"line":137,"column":29}}]},"30":{"type":"branch","line":137,"loc":{"start":{"line":137,"column":22},"end":{"line":139,"column":1}},"locations":[{"start":{"line":137,"column":22},"end":{"line":139,"column":1}}]}},"b":{"0":[3],"1":[2],"2":[1],"3":[57],"4":[1],"5":[57],"6":[3],"7":[2],"8":[1],"9":[22],"10":[1],"11":[22],"12":[4],"13":[324],"14":[324],"15":[592],"16":[2],"17":[2],"18":[0],"19":[6],"20":[6],"21":[0],"22":[1],"23":[0],"24":[81],"25":[4],"26":[1],"27":[3],"28":[1],"29":[2],"30":[1]},"fnMap":{"0":{"name":"loadAuthors","decl":{"start":{"line":15,"column":7},"end":{"line":31,"column":1}},"loc":{"start":{"line":15,"column":7},"end":{"line":31,"column":1}},"line":15},"1":{"name":"loadLocations","decl":{"start":{"line":36,"column":7},"end":{"line":54,"column":1}},"loc":{"start":{"line":36,"column":7},"end":{"line":54,"column":1}},"line":36},"2":{"name":"loadEvents","decl":{"start":{"line":59,"column":7},"end":{"line":74,"column":1}},"loc":{"start":{"line":59,"column":7},"end":{"line":74,"column":1}},"line":59},"3":{"name":"loadFAQ","decl":{"start":{"line":79,"column":7},"end":{"line":83,"column":1}},"loc":{"start":{"line":79,"column":7},"end":{"line":83,"column":1}},"line":79},"4":{"name":"resolveEvent","decl":{"start":{"line":88,"column":7},"end":{"line":113,"column":1}},"loc":{"start":{"line":88,"column":7},"end":{"line":113,"column":1}},"line":88},"5":{"name":"getNextEvent","decl":{"start":{"line":118,"column":7},"end":{"line":129,"column":1}},"loc":{"start":{"line":118,"column":7},"end":{"line":129,"column":1}},"line":118},"6":{"name":"getAuthorAvatar","decl":{"start":{"line":134,"column":7},"end":{"line":139,"column":1}},"loc":{"start":{"line":134,"column":7},"end":{"line":139,"column":1}},"line":134}},"f":{"0":3,"1":3,"2":4,"3":2,"4":2,"5":1,"6":4}}
,"/Users/gableroux/repos/saglacio/saglac.io/lib/rss-generator.ts": {"path":"/Users/gableroux/repos/saglacio/saglac.io/lib/rss-generator.ts","all":false,"statementMap":{"0":{"start":{"line":1,"column":0},"end":{"line":1,"column":21}},"15":{"start":{"line":16,"column":0},"end":{"line":16,"column":71}},"16":{"start":{"line":17,"column":0},"end":{"line":17,"column":57}},"18":{"start":{"line":19,"column":0},"end":{"line":19,"column":24}},"19":{"start":{"line":20,"column":0},"end":{"line":20,"column":36}},"20":{"start":{"line":21,"column":0},"end":{"line":21,"column":69}},"21":{"start":{"line":22,"column":0},"end":{"line":22,"column":35}},"22":{"start":{"line":23,"column":0},"end":{"line":23,"column":22}},"23":{"start":{"line":24,"column":0},"end":{"line":24,"column":76}},"24":{"start":{"line":25,"column":0},"end":{"line":25,"column":19}},"25":{"start":{"line":26,"column":0},"end":{"line":26,"column":72}},"26":{"start":{"line":27,"column":0},"end":{"line":27,"column":24}},"27":{"start":{"line":28,"column":0},"end":{"line":28,"column":4}},"29":{"start":{"line":30,"column":0},"end":{"line":30,"column":31}},"30":{"start":{"line":31,"column":0},"end":{"line":31,"column":90}},"31":{"start":{"line":32,"column":0},"end":{"line":32,"column":35}},"33":{"start":{"line":34,"column":0},"end":{"line":34,"column":25}},"34":{"start":{"line":35,"column":0},"end":{"line":35,"column":30}},"35":{"start":{"line":36,"column":0},"end":{"line":36,"column":51}},"36":{"start":{"line":37,"column":0},"end":{"line":37,"column":22}},"37":{"start":{"line":38,"column":0},"end":{"line":38,"column":38}},"38":{"start":{"line":39,"column":0},"end":{"line":39,"column":25}},"39":{"start":{"line":40,"column":0},"end":{"line":40,"column":51}},"40":{"start":{"line":41,"column":0},"end":{"line":41,"column":45}},"41":{"start":{"line":42,"column":0},"end":{"line":42,"column":27}},"42":{"start":{"line":43,"column":0},"end":{"line":43,"column":54}},"43":{"start":{"line":44,"column":0},"end":{"line":44,"column":14}},"44":{"start":{"line":45,"column":0},"end":{"line":45,"column":25}},"45":{"start":{"line":46,"column":0},"end":{"line":46,"column":13}},"46":{"start":{"line":47,"column":0},"end":{"line":47,"column":14}},"48":{"start":{"line":49,"column":0},"end":{"line":49,"column":15}},"49":{"start":{"line":50,"column":0},"end":{"line":50,"column":25}},"50":{"start":{"line":51,"column":0},"end":{"line":51,"column":18}},"51":{"start":{"line":52,"column":0},"end":{"line":52,"column":66}},"52":{"start":{"line":53,"column":0},"end":{"line":53,"column":33}},"53":{"start":{"line":54,"column":0},"end":{"line":54,"column":23}},"54":{"start":{"line":55,"column":0},"end":{"line":55,"column":6}},"55":{"start":{"line":56,"column":0},"end":{"line":56,"column":3}},"57":{"start":{"line":58,"column":0},"end":{"line":58,"column":19}},"58":{"start":{"line":59,"column":0},"end":{"line":59,"column":1}}},"s":{"0":1,"15":1,"16":13,"18":13,"19":13,"20":13,"21":13,"22":13,"23":13,"24":13,"25":13,"26":13,"27":13,"29":13,"30":22,"31":22,"33":22,"34":22,"35":22,"36":22,"37":11,"38":11,"39":11,"40":11,"41":11,"42":11,"43":11,"44":11,"45":11,"46":22,"48":22,"49":22,"50":22,"51":22,"52":22,"53":22,"54":22,"55":22,"57":13,"58":13},"branchMap":{"0":{"type":"branch","line":16,"loc":{"start":{"line":16,"column":7},"end":{"line":59,"column":1}},"locations":[{"start":{"line":16,"column":7},"end":{"line":59,"column":1}}]},"1":{"type":"branch","line":30,"loc":{"start":{"line":30,"column":30},"end":{"line":56,"column":3}},"locations":[{"start":{"line":30,"column":30},"end":{"line":56,"column":3}}]},"2":{"type":"branch","line":31,"loc":{"start":{"line":31,"column":49},"end":{"line":31,"column":90}},"locations":[{"start":{"line":31,"column":49},"end":{"line":31,"column":90}}]},"3":{"type":"branch","line":32,"loc":{"start":{"line":32,"column":24},"end":{"line":32,"column":35}},"locations":[{"start":{"line":32,"column":24},"end":{"line":32,"column":35}}]},"4":{"type":"branch","line":35,"loc":{"start":{"line":35,"column":12},"end":{"line":35,"column":30}},"locations":[{"start":{"line":35,"column":12},"end":{"line":35,"column":30}}]},"5":{"type":"branch","line":36,"loc":{"start":{"line":36,"column":43},"end":{"line":36,"column":51}},"locations":[{"start":{"line":36,"column":43},"end":{"line":36,"column":51}}]},"6":{"type":"branch","line":37,"loc":{"start":{"line":37,"column":21},"end":{"line":45,"column":25}},"locations":[{"start":{"line":37,"column":21},"end":{"line":45,"column":25}}]},"7":{"type":"branch","line":45,"loc":{"start":{"line":45,"column":23},"end":{"line":46,"column":13}},"locations":[{"start":{"line":45,"column":23},"end":{"line":46,"column":13}}]},"8":{"type":"branch","line":52,"loc":{"start":{"line":52,"column":17},"end":{"line":52,"column":66}},"locations":[{"start":{"line":52,"column":17},"end":{"line":52,"column":66}}]},"9":{"type":"branch","line":39,"loc":{"start":{"line":39,"column":17},"end":{"line":44,"column":13}},"locations":[{"start":{"line":39,"column":17},"end":{"line":44,"column":13}}]},"10":{"type":"branch","line":40,"loc":{"start":{"line":40,"column":37},"end":{"line":40,"column":51}},"locations":[{"start":{"line":40,"column":37},"end":{"line":40,"column":51}}]},"11":{"type":"branch","line":41,"loc":{"start":{"line":41,"column":21},"end":{"line":41,"column":44}},"locations":[{"start":{"line":41,"column":21},"end":{"line":41,"column":44}}]}},"b":{"0":[13],"1":[22],"2":[1],"3":[11],"4":[11],"5":[0],"6":[11],"7":[11],"8":[12],"9":[11],"10":[0],"11":[11]},"fnMap":{"0":{"name":"generateRSSFeed","decl":{"start":{"line":16,"column":7},"end":{"line":59,"column":1}},"loc":{"start":{"line":16,"column":7},"end":{"line":59,"column":1}},"line":16}},"f":{"0":13}}
,"/Users/gableroux/repos/saglacio/saglac.io/lib/utils.ts": {"path":"/Users/gableroux/repos/saglacio/saglac.io/lib/utils.ts","all":false,"statementMap":{"0":{"start":{"line":1,"column":0},"end":{"line":1,"column":44}},"1":{"start":{"line":2,"column":0},"end":{"line":2,"column":40}},"2":{"start":{"line":4,"column":0},"end":{"line":4,"column":45}},"3":{"start":{"line":5,"column":0},"end":{"line":5,"column":30}},"4":{"start":{"line":6,"column":0},"end":{"line":6,"column":1}}},"s":{"0":2,"1":2,"2":2,"3":1260,"4":1260},"branchMap":{"0":{"type":"branch","line":4,"loc":{"start":{"line":4,"column":7},"end":{"line":6,"column":1}},"locations":[{"start":{"line":4,"column":7},"end":{"line":6,"column":1}}]}},"b":{"0":[1260]},"fnMap":{"0":{"name":"cn","decl":{"start":{"line":4,"column":7},"end":{"line":6,"column":1}},"loc":{"start":{"line":4,"column":7},"end":{"line":6,"column":1}},"line":4}},"f":{"0":1260}}
}
