TN:
SF:components/about-section.tsx
FN:1,(empty-report)
FNF:1
FNH:0
FNDA:0,(empty-report)
DA:1,0
DA:2,0
DA:4,0
DA:5,0
DA:6,0
DA:7,0
DA:8,0
DA:9,0
DA:10,0
DA:11,0
DA:12,0
DA:13,0
DA:14,0
DA:15,0
DA:16,0
DA:17,0
DA:18,0
DA:19,0
DA:20,0
DA:21,0
DA:22,0
DA:23,0
DA:24,0
DA:25,0
DA:26,0
DA:28,0
DA:29,0
DA:30,0
DA:31,0
DA:32,0
DA:33,0
DA:34,0
DA:35,0
DA:39,0
DA:40,0
DA:42,0
DA:43,0
DA:44,0
DA:45,0
DA:46,0
DA:47,0
DA:48,0
DA:49,0
DA:50,0
DA:51,0
DA:52,0
DA:53,0
DA:54,0
DA:55,0
DA:56,0
DA:57,0
DA:58,0
DA:60,0
DA:61,0
DA:62,0
DA:63,0
DA:64,0
DA:68,0
DA:69,0
DA:70,0
DA:71,0
DA:72,0
DA:73,0
DA:75,0
LF:64
LH:0
BRDA:1,0,0,0
BRF:1
BRH:0
end_of_record
TN:
SF:components/archives-list.tsx
FN:18,getAuthorAvatar
FN:32,AuthorSocialLinks
FN:83,ArchivesList
FN:126,handleSearchChange
FN:132,handlePageChange
FN:138,PaginationControls
FN:146,onClick
FN:171,onClick
FN:183,onClick
FN:204,onChange
FNF:10
FNH:8
FNDA:138,getAuthorAvatar
FNDA:138,AuthorSocialLinks
FNDA:31,ArchivesList
FNDA:6,handleSearchChange
FNDA:4,handlePageChange
FNDA:62,PaginationControls
FNDA:0,onClick
FNDA:0,onClick
FNDA:4,onClick
FNDA:6,onChange
DA:3,1
DA:4,1
DA:5,1
DA:6,1
DA:7,1
DA:8,1
DA:15,1
DA:18,138
DA:19,138
DA:20,0
DA:21,0
DA:22,138
DA:23,0
DA:24,0
DA:25,138
DA:26,0
DA:27,0
DA:28,138
DA:29,138
DA:32,138
DA:33,138
DA:34,138
DA:35,138
DA:36,0
DA:37,0
DA:38,0
DA:39,0
DA:40,0
DA:41,0
DA:43,0
DA:44,0
DA:46,138
DA:47,0
DA:48,0
DA:49,0
DA:50,0
DA:51,0
DA:52,0
DA:54,0
DA:55,0
DA:57,138
DA:58,0
DA:59,0
DA:60,0
DA:61,0
DA:62,0
DA:63,0
DA:65,0
DA:66,0
DA:68,138
DA:69,0
DA:70,0
DA:71,0
DA:72,0
DA:73,0
DA:74,0
DA:76,0
DA:77,0
DA:79,138
DA:81,138
DA:83,1
DA:84,31
DA:85,31
DA:86,31
DA:89,31
DA:90,27
DA:92,6
DA:93,6
DA:95,25
DA:98,25
DA:101,21
DA:102,21
DA:103,24
DA:104,24
DA:107,24
DA:108,24
DA:109,24
DA:110,24
DA:111,23
DA:112,24
DA:113,20
DA:115,20
DA:116,6
DA:117,31
DA:120,31
DA:121,31
DA:122,31
DA:123,31
DA:126,31
DA:127,6
DA:128,6
DA:129,6
DA:132,31
DA:133,4
DA:134,4
DA:135,4
DA:138,31
DA:139,62
DA:141,22
DA:142,22
DA:143,22
DA:144,22
DA:145,22
DA:146,22
DA:147,22
DA:149,22
DA:151,22
DA:153,22
DA:154,22
DA:155,44
DA:156,44
DA:157,44
DA:158,44
DA:159,0
DA:160,0
DA:161,0
DA:162,0
DA:163,0
DA:164,0
DA:166,44
DA:167,44
DA:168,44
DA:169,44
DA:170,44
DA:171,44
DA:172,44
DA:174,44
DA:175,44
DA:177,22
DA:178,22
DA:180,22
DA:181,22
DA:182,22
DA:183,22
DA:184,22
DA:185,22
DA:187,22
DA:188,22
DA:189,22
DA:191,62
DA:193,31
DA:194,31
DA:196,31
DA:198,31
DA:199,31
DA:200,31
DA:201,31
DA:202,31
DA:203,31
DA:204,31
DA:205,31
DA:206,31
DA:207,31
DA:210,31
DA:211,31
DA:212,31
DA:213,25
DA:215,6
DA:216,6
DA:218,6
DA:220,31
DA:221,31
DA:222,31
DA:225,31
DA:226,1
DA:227,1
DA:228,1
DA:229,1
DA:230,1
DA:232,30
DA:233,30
DA:234,122
DA:235,122
DA:236,122
DA:237,122
DA:238,122
DA:239,122
DA:240,122
DA:241,122
DA:242,122
DA:243,122
DA:244,122
DA:245,122
DA:246,122
DA:247,122
DA:248,122
DA:249,122
DA:250,122
DA:251,122
DA:252,122
DA:253,122
DA:254,122
DA:255,0
DA:256,0
DA:257,0
DA:258,0
DA:259,0
DA:261,0
DA:263,0
DA:265,122
DA:266,122
DA:268,122
DA:269,122
DA:270,122
DA:271,122
DA:272,122
DA:273,138
DA:274,32
DA:275,16
DA:276,16
DA:277,106
DA:279,138
DA:280,138
DA:281,138
DA:282,138
DA:283,16
DA:285,138
DA:286,138
DA:287,138
DA:288,138
DA:289,138
DA:290,138
DA:291,138
DA:292,138
DA:293,138
DA:294,138
DA:295,138
DA:296,138
DA:297,138
DA:298,138
DA:299,32
DA:300,32
DA:301,48
DA:302,48
DA:303,48
DA:304,48
DA:305,48
DA:306,48
DA:308,48
DA:309,48
DA:310,48
DA:311,32
DA:312,32
DA:314,138
DA:316,122
DA:317,122
DA:318,122
DA:320,122
DA:321,30
DA:322,30
DA:326,31
DA:327,31
DA:328,31
DA:329,31
DA:331,31
LF:255
LH:204
BRDA:18,0,0,138
BRDA:19,1,0,0
BRDA:22,2,0,0
BRDA:25,3,0,0
BRDA:32,4,0,138
BRDA:35,5,0,0
BRDA:46,6,0,0
BRDA:57,7,0,0
BRDA:68,8,0,0
BRDA:83,9,0,31
BRDA:212,10,0,25
BRDA:213,11,0,6
BRDA:216,12,0,1
BRDA:216,13,0,5
BRDA:225,14,0,1
BRDA:230,15,0,30
BRDA:89,16,0,27
BRDA:90,17,0,21
BRDA:90,18,0,6
BRDA:93,19,0,25
BRDA:95,20,0,3
BRDA:95,21,0,22
BRDA:98,22,0,1
BRDA:98,23,0,21
BRDA:102,24,0,24
BRDA:103,25,0,0
BRDA:104,26,0,3
BRDA:104,27,0,0
BRDA:109,28,0,1
BRDA:110,29,0,23
BRDA:112,30,0,20
BRDA:113,31,0,20
BRDA:126,32,0,6
BRDA:132,33,0,4
BRDA:138,34,0,62
BRDA:139,35,0,40
BRDA:139,36,0,22
BRDA:154,37,0,44
BRDA:158,38,0,0
BRDA:169,39,0,22
BRDA:169,40,0,22
BRDA:183,41,0,4
BRDA:204,42,0,6
BRDA:233,43,0,122
BRDA:254,44,0,0
BRDA:272,45,0,138
BRDA:273,46,0,32
BRDA:274,47,0,16
BRDA:275,48,0,16
BRDA:276,49,0,106
BRDA:282,50,0,16
BRDA:298,51,0,32
BRDA:287,52,0,138
BRDA:300,53,0,48
BRDA:309,54,0,32
BRDA:309,55,0,16
BRF:56
BRH:45
end_of_record
TN:
SF:components/faq-section.tsx
FN:1,(empty-report)
FNF:1
FNH:0
FNDA:0,(empty-report)
DA:1,0
DA:2,0
DA:3,0
DA:4,0
DA:5,0
DA:7,0
DA:8,0
DA:11,0
DA:13,0
DA:14,0
DA:15,0
DA:16,0
DA:17,0
DA:18,0
DA:19,0
DA:20,0
DA:21,0
DA:22,0
DA:24,0
DA:25,0
DA:26,0
DA:27,0
DA:28,0
DA:29,0
DA:30,0
DA:31,0
DA:32,0
DA:33,0
DA:35,0
DA:36,0
DA:37,0
DA:38,0
DA:39,0
DA:40,0
DA:41,0
DA:42,0
DA:43,0
DA:44,0
DA:45,0
DA:46,0
DA:47,0
DA:48,0
DA:49,0
DA:50,0
DA:52,0
DA:54,0
DA:55,0
DA:56,0
DA:57,0
DA:58,0
DA:59,0
DA:60,0
DA:61,0
DA:62,0
DA:64,0
DA:65,0
DA:67,0
DA:68,0
DA:69,0
DA:70,0
DA:71,0
DA:73,0
LF:62
LH:0
BRDA:1,0,0,0
BRF:1
BRH:0
end_of_record
TN:
SF:components/footer.tsx
FN:1,(empty-report)
FNF:1
FNH:0
FNDA:0,(empty-report)
DA:1,0
DA:2,0
DA:3,0
DA:5,0
DA:6,0
DA:7,0
DA:8,0
DA:9,0
DA:10,0
DA:11,0
DA:12,0
DA:13,0
DA:14,0
DA:15,0
DA:16,0
DA:17,0
DA:18,0
DA:19,0
DA:20,0
DA:21,0
DA:23,0
DA:24,0
DA:26,0
DA:27,0
DA:28,0
DA:29,0
DA:30,0
DA:32,0
DA:33,0
DA:34,0
DA:35,0
DA:37,0
DA:38,0
DA:39,0
DA:40,0
DA:42,0
DA:43,0
DA:44,0
DA:45,0
DA:47,0
DA:48,0
DA:49,0
DA:50,0
DA:52,0
DA:53,0
DA:54,0
DA:55,0
DA:57,0
DA:58,0
DA:59,0
DA:60,0
DA:61,0
DA:62,0
DA:63,0
DA:64,0
DA:66,0
DA:67,0
DA:68,0
DA:69,0
DA:70,0
DA:71,0
DA:72,0
DA:73,0
DA:75,0
DA:76,0
DA:77,0
DA:78,0
DA:79,0
DA:80,0
DA:81,0
DA:82,0
DA:84,0
DA:85,0
DA:86,0
DA:87,0
DA:88,0
DA:89,0
DA:90,0
DA:91,0
DA:93,0
DA:94,0
DA:95,0
DA:96,0
DA:97,0
DA:98,0
DA:99,0
DA:100,0
DA:102,0
DA:103,0
DA:104,0
DA:105,0
DA:106,0
DA:107,0
DA:109,0
DA:110,0
DA:111,0
DA:112,0
DA:113,0
DA:114,0
DA:116,0
DA:117,0
DA:118,0
DA:119,0
DA:120,0
DA:121,0
DA:123,0
LF:106
LH:0
BRDA:1,0,0,0
BRF:1
BRH:0
end_of_record
TN:
SF:components/header.tsx
FN:1,(empty-report)
FNF:1
FNH:1
FNDA:1,(empty-report)
DA:3,0
DA:4,0
DA:5,0
DA:6,0
DA:7,0
DA:9,0
DA:10,0
DA:12,0
DA:13,0
DA:14,0
DA:15,0
DA:16,0
DA:17,0
DA:18,0
DA:19,0
DA:20,0
DA:21,0
DA:22,0
DA:23,0
DA:24,0
DA:25,0
DA:28,0
DA:29,0
DA:31,0
DA:32,0
DA:34,0
DA:35,0
DA:37,0
DA:38,0
DA:40,0
DA:41,0
DA:43,0
DA:44,0
DA:45,0
DA:46,0
DA:47,0
DA:49,0
DA:51,0
DA:52,0
DA:53,0
DA:56,0
DA:57,0
DA:58,0
DA:59,0
DA:61,0
DA:62,0
DA:63,0
DA:66,0
DA:67,0
DA:68,0
DA:69,0
DA:70,0
DA:71,0
DA:72,0
DA:74,0
DA:75,0
DA:76,0
DA:77,0
DA:78,0
DA:79,0
DA:81,0
DA:82,0
DA:83,0
DA:84,0
DA:85,0
DA:86,0
DA:88,0
DA:89,0
DA:90,0
DA:91,0
DA:92,0
DA:93,0
DA:95,0
DA:96,0
DA:97,0
DA:98,0
DA:99,0
DA:100,0
DA:102,0
DA:103,0
DA:104,0
DA:105,0
DA:106,0
DA:108,0
DA:110,0
DA:111,0
DA:112,0
DA:114,0
DA:115,0
DA:117,0
LF:90
LH:0
BRDA:1,0,0,1
BRF:1
BRH:1
end_of_record
TN:
SF:components/hero.tsx
FN:1,(empty-report)
FNF:1
FNH:0
FNDA:0,(empty-report)
DA:1,0
DA:2,0
DA:4,0
DA:5,0
DA:6,0
DA:8,0
DA:9,0
DA:10,0
DA:11,0
DA:12,0
DA:13,0
DA:15,0
DA:16,0
DA:17,0
DA:19,0
DA:20,0
DA:22,0
DA:25,0
DA:27,0
DA:28,0
DA:29,0
DA:31,0
DA:32,0
DA:33,0
DA:34,0
DA:35,0
DA:36,0
DA:37,0
DA:38,0
DA:40,0
DA:41,0
DA:42,0
DA:44,0
DA:45,0
DA:46,0
DA:47,0
DA:48,0
DA:49,0
DA:50,0
DA:51,0
DA:52,0
DA:53,0
DA:54,0
DA:55,0
DA:56,0
DA:57,0
DA:58,0
DA:59,0
DA:62,0
DA:63,0
DA:64,0
DA:65,0
DA:66,0
DA:67,0
DA:69,0
LF:55
LH:0
BRDA:1,0,0,0
BRF:1
BRH:0
end_of_record
TN:
SF:components/newsletter-form.tsx
FN:1,(empty-report)
FNF:1
FNH:1
FNDA:1,(empty-report)
DA:3,0
DA:4,0
DA:5,0
DA:6,0
DA:7,0
DA:13,0
DA:14,0
DA:15,0
DA:16,0
DA:17,0
DA:18,0
DA:20,0
DA:21,0
DA:23,0
DA:24,0
DA:25,0
DA:26,0
DA:27,0
DA:29,0
DA:30,0
DA:32,0
DA:34,0
DA:35,0
DA:36,0
DA:37,0
DA:40,0
DA:41,0
DA:44,0
DA:45,0
DA:46,0
DA:47,0
DA:48,0
DA:50,0
DA:51,0
DA:52,0
DA:53,0
DA:54,0
DA:56,0
DA:57,0
DA:58,0
DA:59,0
DA:60,0
DA:61,0
DA:62,0
DA:64,0
DA:65,0
DA:66,0
DA:67,0
DA:68,0
DA:69,0
DA:70,0
DA:73,0
DA:74,0
DA:75,0
DA:76,0
DA:77,0
DA:78,0
DA:80,0
DA:81,0
DA:82,0
DA:85,0
DA:86,0
DA:87,0
DA:88,0
DA:89,0
DA:90,0
DA:91,0
DA:94,0
DA:95,0
DA:96,0
DA:97,0
DA:98,0
DA:99,0
DA:100,0
DA:103,0
DA:104,0
DA:105,0
DA:106,0
DA:107,0
DA:108,0
DA:110,0
DA:111,0
DA:112,0
DA:114,0
DA:115,0
DA:116,0
DA:117,0
DA:118,0
DA:119,0
DA:120,0
DA:121,0
DA:122,0
DA:123,0
DA:125,0
DA:126,0
DA:127,0
DA:129,0
DA:130,0
DA:131,0
DA:132,0
DA:133,0
DA:134,0
DA:135,0
DA:136,0
DA:137,0
DA:138,0
DA:139,0
DA:140,0
DA:141,0
DA:142,0
DA:143,0
DA:144,0
DA:145,0
DA:146,0
DA:147,0
DA:149,0
DA:150,0
DA:151,0
DA:152,0
DA:153,0
DA:154,0
DA:155,0
DA:156,0
DA:157,0
DA:158,0
DA:159,0
DA:160,0
DA:161,0
DA:162,0
DA:164,0
DA:166,0
DA:168,0
DA:169,0
DA:171,0
DA:172,0
DA:173,0
DA:174,0
DA:175,0
DA:176,0
DA:177,0
DA:179,0
DA:180,0
DA:182,0
DA:184,0
DA:185,0
DA:187,0
DA:189,0
DA:192,0
DA:193,0
DA:194,0
DA:196,0
LF:151
LH:0
BRDA:1,0,0,1
BRF:1
BRH:1
end_of_record
TN:
SF:components/newsletter-section.tsx
FN:1,(empty-report)
FNF:1
FNH:0
FNDA:0,(empty-report)
DA:1,0
DA:3,0
DA:4,0
DA:5,0
DA:6,0
DA:7,0
DA:8,0
DA:9,0
DA:10,0
DA:11,0
DA:12,0
DA:14,0
DA:15,0
DA:17,0
DA:18,0
DA:19,0
DA:20,0
DA:22,0
LF:18
LH:0
BRDA:1,0,0,0
BRF:1
BRH:0
end_of_record
TN:
SF:components/next-event.tsx
FN:10,AuthorSocialLinks
FN:61,NextEvent
FNF:2
FNH:2
FNDA:16,AuthorSocialLinks
FNDA:9,NextEvent
DA:1,1
DA:2,1
DA:3,1
DA:4,1
DA:5,1
DA:6,1
DA:10,16
DA:11,16
DA:12,16
DA:13,16
DA:14,8
DA:15,8
DA:16,8
DA:17,8
DA:18,8
DA:19,8
DA:21,8
DA:22,8
DA:24,16
DA:25,16
DA:26,16
DA:27,16
DA:28,16
DA:29,16
DA:30,16
DA:32,16
DA:33,16
DA:35,16
DA:36,8
DA:37,8
DA:38,8
DA:39,8
DA:40,8
DA:41,8
DA:43,8
DA:44,8
DA:46,16
DA:47,8
DA:48,8
DA:49,8
DA:50,8
DA:51,8
DA:52,8
DA:54,8
DA:55,8
DA:57,16
DA:59,16
DA:61,1
DA:62,9
DA:64,9
DA:65,1
DA:66,1
DA:67,1
DA:68,1
DA:69,1
DA:70,1
DA:71,1
DA:72,1
DA:74,1
DA:75,1
DA:76,1
DA:77,1
DA:79,1
DA:80,1
DA:81,1
DA:82,1
DA:83,1
DA:85,1
DA:86,1
DA:87,1
DA:88,1
DA:89,1
DA:90,1
DA:92,1
DA:94,8
DA:95,8
DA:96,8
DA:97,8
DA:98,8
DA:99,8
DA:100,8
DA:101,8
DA:102,8
DA:104,8
DA:105,8
DA:106,8
DA:107,8
DA:108,8
DA:109,8
DA:110,8
DA:111,8
DA:112,8
DA:113,8
DA:114,8
DA:115,8
DA:116,8
DA:117,8
DA:118,8
DA:119,8
DA:120,8
DA:121,8
DA:122,8
DA:123,9
DA:124,9
DA:125,9
DA:127,9
DA:128,9
DA:129,9
DA:130,9
DA:131,8
DA:133,9
DA:134,9
DA:137,9
DA:138,8
DA:140,8
DA:141,8
DA:142,8
DA:143,8
DA:144,8
DA:145,8
DA:146,8
DA:147,8
DA:148,8
DA:149,8
DA:152,8
DA:153,8
DA:154,8
DA:155,8
DA:156,8
DA:159,8
DA:160,0
DA:161,0
DA:162,0
DA:164,0
DA:165,0
DA:166,0
DA:169,8
DA:170,8
DA:171,8
DA:172,8
DA:173,8
DA:175,8
DA:176,8
DA:178,8
DA:179,8
DA:180,8
DA:182,8
DA:183,8
DA:184,8
DA:185,8
DA:186,8
DA:190,9
DA:191,8
DA:192,8
DA:193,0
DA:194,0
DA:195,0
DA:198,8
DA:199,8
DA:200,8
DA:201,8
DA:202,8
DA:203,8
DA:204,8
DA:206,8
DA:207,8
DA:208,8
DA:209,16
DA:210,16
DA:211,16
DA:212,16
DA:213,16
DA:214,16
DA:215,16
DA:216,16
DA:217,8
DA:218,8
DA:219,8
DA:220,8
DA:221,8
DA:223,8
DA:224,0
DA:225,0
DA:226,0
DA:227,0
DA:228,0
DA:230,0
DA:231,0
DA:233,0
DA:234,0
DA:235,0
DA:237,0
DA:238,0
DA:239,0
DA:241,8
DA:243,9
DA:244,9
DA:245,9
DA:246,9
DA:248,9
LF:200
LH:178
BRDA:10,0,0,16
BRDA:13,1,0,8
BRDA:35,2,0,8
BRDA:46,3,0,8
BRDA:61,4,0,9
BRDA:64,5,0,1
BRDA:92,6,0,8
BRDA:130,7,0,8
BRDA:137,8,0,8
BRDA:159,9,0,0
BRDA:190,10,0,8
BRDA:190,11,0,8
BRDA:191,12,0,0
BRDA:192,13,0,0
BRDA:223,14,0,0
BRDA:200,15,0,8
BRDA:208,16,0,16
BRF:17
BRH:13
end_of_record
TN:
SF:lib/data-loader.ts
FN:15,loadAuthors
FN:36,loadLocations
FN:59,loadEvents
FN:79,loadFAQ
FN:88,resolveEvent
FN:118,getNextEvent
FN:134,getAuthorAvatar
FNF:7
FNH:7
FNDA:3,loadAuthors
FNDA:3,loadLocations
FNDA:4,loadEvents
FNDA:2,loadFAQ
FNDA:2,resolveEvent
FNDA:1,getNextEvent
FNDA:4,getAuthorAvatar
DA:1,1
DA:2,1
DA:3,1
DA:6,1
DA:9,1
DA:10,1
DA:15,1
DA:16,3
DA:18,1
DA:19,1
DA:21,1
DA:23,3
DA:24,57
DA:25,57
DA:26,57
DA:27,57
DA:29,1
DA:30,1
DA:31,1
DA:36,1
DA:37,3
DA:39,1
DA:40,1
DA:42,1
DA:44,3
DA:45,22
DA:46,22
DA:47,22
DA:48,22
DA:49,22
DA:50,22
DA:52,1
DA:53,1
DA:54,1
DA:59,1
DA:60,4
DA:61,4
DA:63,4
DA:65,4
DA:66,324
DA:67,324
DA:68,324
DA:69,324
DA:70,324
DA:73,4
DA:74,4
DA:79,1
DA:80,2
DA:81,2
DA:82,2
DA:83,2
DA:88,1
DA:89,2
DA:90,2
DA:92,2
DA:93,2
DA:94,2
DA:95,2
DA:96,0
DA:97,0
DA:98,0
DA:99,0
DA:100,0
DA:101,2
DA:102,6
DA:103,6
DA:104,6
DA:105,6
DA:106,0
DA:107,0
DA:108,0
DA:109,0
DA:110,6
DA:111,2
DA:112,2
DA:113,2
DA:118,1
DA:119,1
DA:120,1
DA:122,1
DA:124,1
DA:127,1
DA:128,1
DA:129,1
DA:134,1
DA:135,4
DA:136,4
DA:137,4
DA:138,1
DA:139,1
LF:90
LH:81
BRDA:15,0,0,3
BRDA:16,1,0,2
BRDA:16,2,0,1
BRDA:23,3,0,57
BRDA:27,4,0,1
BRDA:19,5,0,57
BRDA:36,6,0,3
BRDA:37,7,0,2
BRDA:37,8,0,1
BRDA:44,9,0,22
BRDA:50,10,0,1
BRDA:40,11,0,22
BRDA:59,12,0,4
BRDA:65,13,0,324
BRDA:61,14,0,324
BRDA:73,15,0,592
BRDA:79,16,0,2
BRDA:88,17,0,2
BRDA:95,18,0,0
BRDA:101,19,0,6
BRDA:104,20,0,6
BRDA:105,21,0,0
BRDA:118,22,0,1
BRDA:124,23,0,0
BRDA:122,24,0,81
BRDA:134,25,0,4
BRDA:135,26,0,1
BRDA:135,27,0,3
BRDA:136,28,0,1
BRDA:136,29,0,2
BRDA:137,30,0,1
BRF:31
BRH:28
end_of_record
TN:
SF:lib/rss-generator.ts
FN:16,generateRSSFeed
FNF:1
FNH:1
FNDA:13,generateRSSFeed
DA:1,1
DA:16,1
DA:17,13
DA:19,13
DA:20,13
DA:21,13
DA:22,13
DA:23,13
DA:24,13
DA:25,13
DA:26,13
DA:27,13
DA:28,13
DA:30,13
DA:31,22
DA:32,22
DA:34,22
DA:35,22
DA:36,22
DA:37,22
DA:38,11
DA:39,11
DA:40,11
DA:41,11
DA:42,11
DA:43,11
DA:44,11
DA:45,11
DA:46,11
DA:47,22
DA:49,22
DA:50,22
DA:51,22
DA:52,22
DA:53,22
DA:54,22
DA:55,22
DA:56,22
DA:58,13
DA:59,13
LF:40
LH:40
BRDA:16,0,0,13
BRDA:30,1,0,22
BRDA:31,2,0,1
BRDA:32,3,0,11
BRDA:35,4,0,11
BRDA:36,5,0,0
BRDA:37,6,0,11
BRDA:45,7,0,11
BRDA:52,8,0,12
BRDA:39,9,0,11
BRDA:40,10,0,0
BRDA:41,11,0,11
BRF:12
BRH:10
end_of_record
TN:
SF:lib/utils.ts
FN:4,cn
FNF:1
FNH:1
FNDA:1260,cn
DA:1,2
DA:2,2
DA:4,2
DA:5,1260
DA:6,1260
LF:5
LH:5
BRDA:4,0,0,1260
BRF:1
BRH:1
end_of_record
